20-Dec-22 18:47:34 - INFO - Log - START
20-Dec-22 18:47:35 - INFO - People grouped.
20-Dec-22 18:47:35 - INFO - CameraLens.json > JSON read
20-Dec-22 18:47:35 - INFO - CameraLens.json > Keys made
20-Dec-22 18:47:35 - INFO - CameraLens.json > JSON written
20-Dec-22 18:47:35 - INFO - Laptop.json > JSON read
20-Dec-22 18:47:35 - INFO - Laptop.json > Keys made
20-Dec-22 18:47:35 - INFO - Laptop.json > JSON written
20-Dec-22 18:47:35 - INFO - LaptopPeriferals.json > JSON read
20-Dec-22 18:47:35 - INFO - LaptopPeriferals.json > Keys made
20-Dec-22 18:47:35 - INFO - LaptopPeriferals.json > JSON written
20-Dec-22 18:47:35 - INFO - Mobile.json > JSON read
20-Dec-22 18:47:35 - INFO - Mobile.json > Keys made
20-Dec-22 18:47:36 - INFO - Mobile.json > JSON written
20-Dec-22 18:47:36 - INFO - Person.json > JSON read
20-Dec-22 18:47:36 - INFO - Person.json > Keys made
20-Dec-22 18:47:36 - INFO - Person.json > JSON written
20-Dec-22 18:47:36 - INFO - Refrigerator.json > JSON read
20-Dec-22 18:47:36 - INFO - Refrigerator.json > Keys made
20-Dec-22 18:47:36 - INFO - Refrigerator.json > JSON written
20-Dec-22 18:47:36 - INFO - Tablet.json > JSON read
20-Dec-22 18:47:36 - INFO - Tablet.json > Keys made
20-Dec-22 18:47:37 - INFO - Tablet.json > JSON written
20-Dec-22 18:47:37 - INFO - TV.json > JSON read
20-Dec-22 18:47:37 - INFO - TV.json > Keys made
20-Dec-22 18:47:37 - INFO - TV.json > JSON written
20-Dec-22 18:47:37 - INFO - WashingMachine.json > JSON read
20-Dec-22 18:47:37 - INFO - WashingMachine.json > Keys made
20-Dec-22 18:47:37 - INFO - WashingMachine.json > JSON written
20-Dec-22 18:47:37 - INFO - WearableSmartDevice.json > JSON read
20-Dec-22 18:47:37 - INFO - WearableSmartDevice.json > Keys made
20-Dec-22 18:47:37 - INFO - WearableSmartDevice.json > JSON written
20-Dec-22 18:47:37 - INFO - Creating files completed!
20-Dec-22 18:47:37 - ERROR - No ID specified
20-Dec-22 18:47:37 - INFO - Log - END
