21-Dec-22 16:40:30 - INFO - Log - START
21-Dec-22 16:40:30 - INFO - People grouped.
21-Dec-22 16:40:30 - INFO - CameraLens.json > JSON read
21-Dec-22 16:40:30 - INFO - CameraLens.json > Keys made
21-Dec-22 16:40:30 - INFO - CameraLens.json > JSON written
21-Dec-22 16:40:30 - INFO - Laptop.json > JSON read
21-Dec-22 16:40:30 - INFO - Laptop.json > Keys made
21-Dec-22 16:40:30 - INFO - Laptop.json > JSON written
21-Dec-22 16:40:30 - INFO - LaptopPeriferals.json > JSON read
21-Dec-22 16:40:30 - INFO - LaptopPeriferals.json > Keys made
21-Dec-22 16:40:30 - INFO - LaptopPeriferals.json > JSON written
21-Dec-22 16:40:30 - INFO - Mobile.json > JSON read
21-Dec-22 16:40:30 - INFO - Mobile.json > Keys made
21-Dec-22 16:40:31 - INFO - Mobile.json > JSON written
21-Dec-22 16:40:31 - INFO - Person.json > JSON read
21-Dec-22 16:40:31 - INFO - Person.json > Keys made
21-Dec-22 16:40:31 - INFO - Person.json > JSON written
21-Dec-22 16:40:31 - INFO - Refrigerator.json > JSON read
21-Dec-22 16:40:31 - INFO - Refrigerator.json > Keys made
21-Dec-22 16:40:31 - INFO - Refrigerator.json > JSON written
21-Dec-22 16:40:31 - INFO - Tablet.json > JSON read
21-Dec-22 16:40:31 - INFO - Tablet.json > Keys made
21-Dec-22 16:40:31 - INFO - Tablet.json > JSON written
21-Dec-22 16:40:31 - INFO - TV.json > JSON read
21-Dec-22 16:40:31 - INFO - TV.json > Keys made
21-Dec-22 16:40:31 - INFO - TV.json > JSON written
21-Dec-22 16:40:31 - INFO - WashingMachine.json > JSON read
21-Dec-22 16:40:31 - INFO - WashingMachine.json > Keys made
21-Dec-22 16:40:31 - INFO - WashingMachine.json > JSON written
21-Dec-22 16:40:31 - INFO - WearableSmartDevice.json > JSON read
21-Dec-22 16:40:31 - INFO - WearableSmartDevice.json > Keys made
21-Dec-22 16:40:31 - INFO - WearableSmartDevice.json > JSON written
21-Dec-22 16:40:31 - INFO - Creating files completed!
21-Dec-22 16:40:31 - INFO - ID(s): ['3219', '1001']
21-Dec-22 16:40:31 - INFO - Items read successfully
21-Dec-22 16:40:31 - INFO - Items written to file successfully
21-Dec-22 16:41:05 - INFO - Links fetched
21-Dec-22 16:41:05 - INFO - Links dumped to file
21-Dec-22 16:41:05 - INFO - Links read from file.
21-Dec-22 16:41:12 - ERROR - Error while reading webpage
21-Dec-22 16:41:13 - ERROR - Error while reading webpage
21-Dec-22 16:41:13 - ERROR - Error while reading webpage
21-Dec-22 16:41:14 - ERROR - Error while reading webpage
21-Dec-22 16:41:14 - ERROR - Error while reading webpage
21-Dec-22 16:41:14 - ERROR - Error while reading webpage
21-Dec-22 16:41:16 - ERROR - Error while reading webpage
21-Dec-22 16:41:16 - ERROR - Error while reading webpage
21-Dec-22 16:41:19 - ERROR - Error while reading webpage
21-Dec-22 16:41:26 - ERROR - Error while reading webpage
21-Dec-22 16:41:31 - ERROR - Error while reading webpage
21-Dec-22 16:41:31 - ERROR - Error while reading webpage
21-Dec-22 16:41:31 - ERROR - Error while reading webpage
21-Dec-22 16:41:32 - ERROR - Error while reading webpage
21-Dec-22 16:41:46 - ERROR - Error while reading webpage
21-Dec-22 16:41:46 - INFO - Number of pages read - 138
21-Dec-22 16:41:46 - INFO - Time taken to read all the pages - 41.516207218170166 secs
21-Dec-22 16:41:46 - INFO - Data written to the JSON file
21-Dec-22 16:41:46 - INFO - Data read from file.
