20-Dec-22 20:30:53 - INFO - Log - START
20-Dec-22 20:30:54 - INFO - People grouped.
20-Dec-22 20:30:54 - INFO - CameraLens.json > JSON read
20-Dec-22 20:30:54 - INFO - CameraLens.json > Keys made
20-Dec-22 20:30:54 - INFO - CameraLens.json > JSON written
20-Dec-22 20:30:54 - INFO - Laptop.json > JSON read
20-Dec-22 20:30:54 - INFO - Laptop.json > Keys made
20-Dec-22 20:30:54 - INFO - Laptop.json > JSON written
20-Dec-22 20:30:54 - INFO - LaptopPeriferals.json > JSON read
20-Dec-22 20:30:54 - INFO - LaptopPeriferals.json > Keys made
20-Dec-22 20:30:54 - INFO - LaptopPeriferals.json > JSON written
20-Dec-22 20:30:54 - INFO - Mobile.json > JSON read
20-Dec-22 20:30:54 - INFO - Mobile.json > Keys made
20-Dec-22 20:30:54 - INFO - Mobile.json > JSON written
20-Dec-22 20:30:54 - INFO - Person.json > JSON read
20-Dec-22 20:30:54 - INFO - Person.json > Keys made
20-Dec-22 20:30:54 - INFO - Person.json > JSON written
20-Dec-22 20:30:54 - INFO - Refrigerator.json > JSON read
20-Dec-22 20:30:54 - INFO - Refrigerator.json > Keys made
20-Dec-22 20:30:54 - INFO - Refrigerator.json > JSON written
20-Dec-22 20:30:54 - INFO - Tablet.json > JSON read
20-Dec-22 20:30:54 - INFO - Tablet.json > Keys made
20-Dec-22 20:30:54 - INFO - Tablet.json > JSON written
20-Dec-22 20:30:54 - INFO - TV.json > JSON read
20-Dec-22 20:30:54 - INFO - TV.json > Keys made
20-Dec-22 20:30:54 - INFO - TV.json > JSON written
20-Dec-22 20:30:54 - INFO - WashingMachine.json > JSON read
20-Dec-22 20:30:54 - INFO - WashingMachine.json > Keys made
20-Dec-22 20:30:54 - INFO - WashingMachine.json > JSON written
20-Dec-22 20:30:55 - INFO - WearableSmartDevice.json > JSON read
20-Dec-22 20:30:55 - INFO - WearableSmartDevice.json > Keys made
20-Dec-22 20:30:55 - INFO - WearableSmartDevice.json > JSON written
20-Dec-22 20:30:55 - INFO - Creating files completed!
20-Dec-22 20:30:55 - ERROR - No ID specified
20-Dec-22 20:30:55 - INFO - Log - END
