22-Dec-22 00:59:07 - INFO - Log - START
22-Dec-22 00:59:07 - INFO - People grouped.
22-Dec-22 00:59:07 - INFO - CameraLens.json > JSON read
22-Dec-22 00:59:07 - INFO - CameraLens.json > Keys made
22-Dec-22 00:59:07 - INFO - CameraLens.json > JSON written
22-Dec-22 00:59:07 - INFO - Laptop.json > JSON read
22-Dec-22 00:59:07 - INFO - Laptop.json > Keys made
22-Dec-22 00:59:07 - INFO - Laptop.json > JSON written
22-Dec-22 00:59:07 - INFO - LaptopPeriferals.json > JSON read
22-Dec-22 00:59:07 - INFO - LaptopPeriferals.json > Keys made
22-Dec-22 00:59:07 - INFO - LaptopPeriferals.json > JSON written
22-Dec-22 00:59:07 - INFO - Mobile.json > JSON read
22-Dec-22 00:59:07 - INFO - Mobile.json > Keys made
22-Dec-22 00:59:07 - INFO - Mobile.json > JSON written
22-Dec-22 00:59:07 - INFO - Person.json > JSON read
22-Dec-22 00:59:07 - INFO - Person.json > Keys made
22-Dec-22 00:59:07 - INFO - Person.json > JSON written
22-Dec-22 00:59:07 - INFO - Refrigerator.json > JSON read
22-Dec-22 00:59:07 - INFO - Refrigerator.json > Keys made
22-Dec-22 00:59:07 - INFO - Refrigerator.json > JSON written
22-Dec-22 00:59:07 - INFO - Tablet.json > JSON read
22-Dec-22 00:59:07 - INFO - Tablet.json > Keys made
22-Dec-22 00:59:08 - INFO - Tablet.json > JSON written
22-Dec-22 00:59:08 - INFO - TV.json > JSON read
22-Dec-22 00:59:08 - INFO - TV.json > Keys made
22-Dec-22 00:59:08 - INFO - TV.json > JSON written
22-Dec-22 00:59:08 - INFO - WashingMachine.json > JSON read
22-Dec-22 00:59:08 - INFO - WashingMachine.json > Keys made
22-Dec-22 00:59:08 - INFO - WashingMachine.json > JSON written
22-Dec-22 00:59:08 - INFO - WearableSmartDevice.json > JSON read
22-Dec-22 00:59:08 - INFO - WearableSmartDevice.json > Keys made
22-Dec-22 00:59:08 - INFO - WearableSmartDevice.json > JSON written
22-Dec-22 00:59:08 - INFO - Creating files completed!
22-Dec-22 00:59:08 - INFO - ID(s): ['1020', '3198']
22-Dec-22 00:59:08 - INFO - Fetching data from WiKi
22-Dec-22 00:59:08 - INFO - Items read successfully
22-Dec-22 00:59:08 - INFO - Data fetched from WiKi
22-Dec-22 00:59:08 - INFO - Items read successfully
22-Dec-22 00:59:08 - INFO - Items written to file successfully
22-Dec-22 01:01:19 - WARNING - For: 5400 AND eine neue bestimmung der moleküldimensionen (a new determination of molecular dimensions) (1905) - HTTPSConnectionPool(host='html.duckduckgo.com', port=443): Max retries exceeded with url: /html/ (Caused by NewConnectionError('<urllib3.connection.HTTPSConnection object at 0x000001ECEFB49790>: Failed to establish a new connection: [WinError 10060] A connection attempt failed because the connected party did not properly respond after a period of time, or established connection failed because connected host has failed to respond'))
22-Dec-22 01:01:19 - CRITICAL - Too many requests! need to cool down
22-Dec-22 01:02:02 - WARNING - For: ddr4 AND  virtually all modern physicists  - ('Connection aborted.', TimeoutError(10060, 'A connection attempt failed because the connected party did not properly respond after a period of time, or established connection failed because connected host has failed to respond', None, 10060, None))
22-Dec-22 01:02:02 - CRITICAL - Too many requests! need to cool down
22-Dec-22 01:02:11 - INFO - Links fetched
22-Dec-22 01:02:11 - INFO - Links dumped to file
22-Dec-22 01:02:11 - INFO - Links read from file.
22-Dec-22 01:02:23 - ERROR - Error while reading webpage
22-Dec-22 01:02:35 - ERROR - Error while reading webpage
22-Dec-22 01:02:47 - ERROR - Error while reading webpage
22-Dec-22 01:02:51 - ERROR - Error while reading webpage
22-Dec-22 01:02:51 - ERROR - Error while reading webpage
22-Dec-22 01:02:51 - ERROR - Error while reading webpage
22-Dec-22 01:02:51 - ERROR - Error while reading webpage
22-Dec-22 01:02:51 - ERROR - Error while reading webpage
22-Dec-22 01:02:51 - ERROR - Error while reading webpage
22-Dec-22 01:02:51 - ERROR - Error while reading webpage
22-Dec-22 01:02:51 - ERROR - Error while reading webpage
22-Dec-22 01:02:51 - ERROR - Error while reading webpage
22-Dec-22 01:02:51 - ERROR - Error while reading webpage
22-Dec-22 01:02:51 - ERROR - Error while reading webpage
22-Dec-22 01:02:51 - ERROR - Error while reading webpage
22-Dec-22 01:02:51 - ERROR - Error while reading webpage
22-Dec-22 01:02:51 - ERROR - Error while reading webpage
22-Dec-22 01:02:51 - ERROR - Error while reading webpage
22-Dec-22 01:02:51 - ERROR - Error while reading webpage
22-Dec-22 01:02:51 - ERROR - Error while reading webpage
22-Dec-22 01:02:51 - ERROR - Error while reading webpage
22-Dec-22 01:02:51 - ERROR - Error while reading webpage
22-Dec-22 01:02:51 - ERROR - Error while reading webpage
22-Dec-22 01:02:51 - ERROR - Error while reading webpage
22-Dec-22 01:02:51 - ERROR - Error while reading webpage
22-Dec-22 01:02:51 - ERROR - Error while reading webpage
22-Dec-22 01:02:51 - ERROR - Error while reading webpage
22-Dec-22 01:02:51 - ERROR - Error while reading webpage
22-Dec-22 01:02:51 - ERROR - Error while reading webpage
22-Dec-22 01:02:51 - ERROR - Error while reading webpage
22-Dec-22 01:02:51 - ERROR - Error while reading webpage
22-Dec-22 01:02:51 - ERROR - Error while reading webpage
22-Dec-22 01:02:51 - ERROR - Error while reading webpage
22-Dec-22 01:02:51 - ERROR - Error while reading webpage
22-Dec-22 01:02:51 - ERROR - Error while reading webpage
22-Dec-22 01:02:51 - ERROR - Error while reading webpage
22-Dec-22 01:02:51 - ERROR - Error while reading webpage
22-Dec-22 01:02:51 - ERROR - Error while reading webpage
22-Dec-22 01:02:51 - ERROR - Error while reading webpage
22-Dec-22 01:02:51 - ERROR - Error while reading webpage
22-Dec-22 01:02:51 - ERROR - Error while reading webpage
22-Dec-22 01:02:51 - ERROR - Error while reading webpage
22-Dec-22 01:02:51 - ERROR - Error while reading webpage
22-Dec-22 01:02:51 - ERROR - Error while reading webpage
22-Dec-22 01:02:51 - ERROR - Error while reading webpage
22-Dec-22 01:02:51 - ERROR - Error while reading webpage
22-Dec-22 01:02:51 - ERROR - Error while reading webpage
22-Dec-22 01:02:51 - ERROR - Error while reading webpage
22-Dec-22 01:02:51 - ERROR - Error while reading webpage
22-Dec-22 01:02:51 - ERROR - Error while reading webpage
22-Dec-22 01:02:51 - ERROR - Error while reading webpage
22-Dec-22 01:02:51 - ERROR - Error while reading webpage
22-Dec-22 01:02:51 - ERROR - Error while reading webpage
22-Dec-22 01:02:51 - ERROR - Error while reading webpage
22-Dec-22 01:02:51 - ERROR - Error while reading webpage
22-Dec-22 01:02:51 - ERROR - Error while reading webpage
22-Dec-22 01:02:51 - ERROR - Error while reading webpage
22-Dec-22 01:02:51 - ERROR - Error while reading webpage
22-Dec-22 01:02:51 - ERROR - Error while reading webpage
22-Dec-22 01:02:51 - ERROR - Error while reading webpage
22-Dec-22 01:02:51 - ERROR - Error while reading webpage
22-Dec-22 01:02:51 - ERROR - Error while reading webpage
22-Dec-22 01:02:51 - ERROR - Error while reading webpage
22-Dec-22 01:02:51 - ERROR - Error while reading webpage
22-Dec-22 01:02:51 - ERROR - Error while reading webpage
22-Dec-22 01:02:51 - ERROR - Error while reading webpage
22-Dec-22 01:02:51 - ERROR - Error while reading webpage
22-Dec-22 01:02:51 - ERROR - Error while reading webpage
22-Dec-22 01:02:51 - ERROR - Error while reading webpage
22-Dec-22 01:02:51 - ERROR - Error while reading webpage
22-Dec-22 01:02:51 - ERROR - Error while reading webpage
22-Dec-22 01:02:51 - ERROR - Error while reading webpage
22-Dec-22 01:02:51 - ERROR - Error while reading webpage
22-Dec-22 01:02:51 - ERROR - Error while reading webpage
22-Dec-22 01:02:51 - ERROR - Error while reading webpage
22-Dec-22 01:02:51 - ERROR - Error while reading webpage
22-Dec-22 01:02:51 - ERROR - Error while reading webpage
22-Dec-22 01:02:51 - ERROR - Error while reading webpage
22-Dec-22 01:02:51 - ERROR - Error while reading webpage
22-Dec-22 01:02:51 - ERROR - Error while reading webpage
22-Dec-22 01:02:51 - ERROR - Error while reading webpage
22-Dec-22 01:02:51 - ERROR - Error while reading webpage
22-Dec-22 01:02:51 - ERROR - Error while reading webpage
22-Dec-22 01:02:51 - ERROR - Error while reading webpage
22-Dec-22 01:02:51 - ERROR - Error while reading webpage
22-Dec-22 01:02:51 - ERROR - Error while reading webpage
22-Dec-22 01:02:51 - ERROR - Error while reading webpage
22-Dec-22 01:02:51 - ERROR - Error while reading webpage
22-Dec-22 01:02:51 - ERROR - Error while reading webpage
22-Dec-22 01:02:51 - ERROR - Error while reading webpage
22-Dec-22 01:02:51 - ERROR - Error while reading webpage
22-Dec-22 01:02:51 - ERROR - Error while reading webpage
22-Dec-22 01:02:51 - ERROR - Error while reading webpage
22-Dec-22 01:02:51 - ERROR - Error while reading webpage
22-Dec-22 01:02:51 - ERROR - Error while reading webpage
22-Dec-22 01:02:51 - ERROR - Error while reading webpage
22-Dec-22 01:02:51 - ERROR - Error while reading webpage
22-Dec-22 01:02:51 - ERROR - Error while reading webpage
22-Dec-22 01:02:51 - ERROR - Error while reading webpage
22-Dec-22 01:02:51 - ERROR - Error while reading webpage
22-Dec-22 01:02:51 - ERROR - Error while reading webpage
22-Dec-22 01:02:51 - ERROR - Error while reading webpage
22-Dec-22 01:02:51 - ERROR - Error while reading webpage
22-Dec-22 01:02:51 - ERROR - Error while reading webpage
22-Dec-22 01:02:51 - ERROR - Error while reading webpage
22-Dec-22 01:02:51 - ERROR - Error while reading webpage
22-Dec-22 01:02:51 - ERROR - Error while reading webpage
22-Dec-22 01:02:51 - ERROR - Error while reading webpage
22-Dec-22 01:02:51 - ERROR - Error while reading webpage
22-Dec-22 01:02:51 - ERROR - Error while reading webpage
22-Dec-22 01:02:51 - ERROR - Error while reading webpage
22-Dec-22 01:02:52 - ERROR - Error while reading webpage
22-Dec-22 01:02:52 - ERROR - Error while reading webpage
22-Dec-22 01:02:52 - ERROR - Error while reading webpage
22-Dec-22 01:02:52 - ERROR - Error while reading webpage
22-Dec-22 01:02:52 - ERROR - Error while reading webpage
22-Dec-22 01:02:52 - ERROR - Error while reading webpage
22-Dec-22 01:02:52 - ERROR - Error while reading webpage
22-Dec-22 01:02:52 - ERROR - Error while reading webpage
22-Dec-22 01:02:52 - ERROR - Error while reading webpage
22-Dec-22 01:02:52 - ERROR - Error while reading webpage
22-Dec-22 01:02:52 - ERROR - Error while reading webpage
22-Dec-22 01:02:52 - ERROR - Error while reading webpage
22-Dec-22 01:02:52 - ERROR - Error while reading webpage
22-Dec-22 01:02:52 - ERROR - Error while reading webpage
22-Dec-22 01:02:52 - ERROR - Error while reading webpage
22-Dec-22 01:02:52 - ERROR - Error while reading webpage
22-Dec-22 01:02:52 - ERROR - Error while reading webpage
22-Dec-22 01:02:52 - ERROR - Error while reading webpage
22-Dec-22 01:02:52 - ERROR - Error while reading webpage
22-Dec-22 01:02:52 - ERROR - Error while reading webpage
22-Dec-22 01:02:52 - ERROR - Error while reading webpage
22-Dec-22 01:02:52 - ERROR - Error while reading webpage
22-Dec-22 01:02:52 - ERROR - Error while reading webpage
22-Dec-22 01:02:52 - ERROR - Error while reading webpage
22-Dec-22 01:02:52 - ERROR - Error while reading webpage
22-Dec-22 01:02:52 - ERROR - Error while reading webpage
22-Dec-22 01:02:52 - ERROR - Error while reading webpage
22-Dec-22 01:02:52 - ERROR - Error while reading webpage
22-Dec-22 01:02:52 - ERROR - Error while reading webpage
22-Dec-22 01:02:52 - ERROR - Error while reading webpage
22-Dec-22 01:02:52 - ERROR - Error while reading webpage
22-Dec-22 01:02:52 - ERROR - Error while reading webpage
22-Dec-22 01:02:52 - ERROR - Error while reading webpage
22-Dec-22 01:02:52 - ERROR - Error while reading webpage
22-Dec-22 01:02:52 - ERROR - Error while reading webpage
22-Dec-22 01:02:52 - ERROR - Error while reading webpage
22-Dec-22 01:02:52 - ERROR - Error while reading webpage
22-Dec-22 01:02:52 - ERROR - Error while reading webpage
22-Dec-22 01:02:52 - ERROR - Error while reading webpage
22-Dec-22 01:02:52 - ERROR - Error while reading webpage
22-Dec-22 01:02:52 - ERROR - Error while reading webpage
22-Dec-22 01:02:52 - ERROR - Error while reading webpage
22-Dec-22 01:02:52 - ERROR - Error while reading webpage
22-Dec-22 01:02:52 - ERROR - Error while reading webpage
22-Dec-22 01:02:52 - ERROR - Error while reading webpage
22-Dec-22 01:02:52 - ERROR - Error while reading webpage
22-Dec-22 01:02:52 - ERROR - Error while reading webpage
22-Dec-22 01:02:52 - ERROR - Error while reading webpage
22-Dec-22 01:02:52 - ERROR - Error while reading webpage
22-Dec-22 01:02:52 - ERROR - Error while reading webpage
22-Dec-22 01:02:52 - ERROR - Error while reading webpage
22-Dec-22 01:02:52 - ERROR - Error while reading webpage
22-Dec-22 01:02:52 - ERROR - Error while reading webpage
22-Dec-22 01:02:52 - ERROR - Error while reading webpage
22-Dec-22 01:02:52 - ERROR - Error while reading webpage
22-Dec-22 01:02:52 - ERROR - Error while reading webpage
22-Dec-22 01:02:52 - ERROR - Error while reading webpage
22-Dec-22 01:02:52 - ERROR - Error while reading webpage
22-Dec-22 01:02:52 - ERROR - Error while reading webpage
22-Dec-22 01:02:52 - ERROR - Error while reading webpage
22-Dec-22 01:02:52 - ERROR - Error while reading webpage
22-Dec-22 01:02:52 - ERROR - Error while reading webpage
22-Dec-22 01:02:52 - ERROR - Error while reading webpage
22-Dec-22 01:02:52 - ERROR - Error while reading webpage
22-Dec-22 01:02:52 - ERROR - Error while reading webpage
22-Dec-22 01:02:52 - ERROR - Error while reading webpage
22-Dec-22 01:02:52 - ERROR - Error while reading webpage
22-Dec-22 01:02:52 - ERROR - Error while reading webpage
22-Dec-22 01:02:52 - ERROR - Error while reading webpage
22-Dec-22 01:02:52 - ERROR - Error while reading webpage
22-Dec-22 01:02:52 - ERROR - Error while reading webpage
22-Dec-22 01:02:52 - ERROR - Error while reading webpage
22-Dec-22 01:02:52 - ERROR - Error while reading webpage
22-Dec-22 01:02:52 - ERROR - Error while reading webpage
22-Dec-22 01:02:52 - ERROR - Error while reading webpage
22-Dec-22 01:02:52 - ERROR - Error while reading webpage
22-Dec-22 01:02:52 - ERROR - Error while reading webpage
22-Dec-22 01:02:52 - ERROR - Error while reading webpage
22-Dec-22 01:02:52 - ERROR - Error while reading webpage
22-Dec-22 01:02:52 - ERROR - Error while reading webpage
22-Dec-22 01:02:52 - ERROR - Error while reading webpage
22-Dec-22 01:02:52 - ERROR - Error while reading webpage
22-Dec-22 01:02:52 - ERROR - Error while reading webpage
22-Dec-22 01:02:52 - ERROR - Error while reading webpage
22-Dec-22 01:02:52 - ERROR - Error while reading webpage
22-Dec-22 01:02:52 - ERROR - Error while reading webpage
22-Dec-22 01:02:52 - ERROR - Error while reading webpage
22-Dec-22 01:02:52 - ERROR - Error while reading webpage
22-Dec-22 01:02:52 - ERROR - Error while reading webpage
22-Dec-22 01:02:52 - ERROR - Error while reading webpage
22-Dec-22 01:02:52 - ERROR - Error while reading webpage
22-Dec-22 01:02:52 - ERROR - Error while reading webpage
22-Dec-22 01:02:52 - ERROR - Error while reading webpage
22-Dec-22 01:02:52 - ERROR - Error while reading webpage
22-Dec-22 01:02:52 - ERROR - Error while reading webpage
22-Dec-22 01:02:52 - ERROR - Error while reading webpage
22-Dec-22 01:02:52 - ERROR - Error while reading webpage
22-Dec-22 01:02:52 - ERROR - Error while reading webpage
22-Dec-22 01:02:52 - ERROR - Error while reading webpage
22-Dec-22 01:02:52 - ERROR - Error while reading webpage
22-Dec-22 01:02:52 - ERROR - Error while reading webpage
22-Dec-22 01:02:52 - ERROR - Error while reading webpage
22-Dec-22 01:02:52 - ERROR - Error while reading webpage
22-Dec-22 01:02:52 - ERROR - Error while reading webpage
22-Dec-22 01:02:52 - ERROR - Error while reading webpage
22-Dec-22 01:02:52 - ERROR - Error while reading webpage
22-Dec-22 01:02:52 - ERROR - Error while reading webpage
22-Dec-22 01:02:52 - ERROR - Error while reading webpage
22-Dec-22 01:02:52 - ERROR - Error while reading webpage
22-Dec-22 01:02:52 - ERROR - Error while reading webpage
22-Dec-22 01:02:52 - ERROR - Error while reading webpage
22-Dec-22 01:02:52 - ERROR - Error while reading webpage
22-Dec-22 01:02:52 - ERROR - Error while reading webpage
22-Dec-22 01:02:52 - ERROR - Error while reading webpage
22-Dec-22 01:02:52 - ERROR - Error while reading webpage
22-Dec-22 01:02:52 - ERROR - Error while reading webpage
22-Dec-22 01:02:52 - ERROR - Error while reading webpage
22-Dec-22 01:02:52 - ERROR - Error while reading webpage
22-Dec-22 01:02:52 - ERROR - Error while reading webpage
22-Dec-22 01:02:52 - ERROR - Error while reading webpage
22-Dec-22 01:02:52 - ERROR - Error while reading webpage
22-Dec-22 01:02:52 - ERROR - Error while reading webpage
22-Dec-22 01:02:52 - ERROR - Error while reading webpage
22-Dec-22 01:02:52 - ERROR - Error while reading webpage
22-Dec-22 01:02:52 - ERROR - Error while reading webpage
22-Dec-22 01:02:52 - ERROR - Error while reading webpage
22-Dec-22 01:02:52 - ERROR - Error while reading webpage
22-Dec-22 01:02:52 - ERROR - Error while reading webpage
22-Dec-22 01:02:52 - ERROR - Error while reading webpage
22-Dec-22 01:02:52 - ERROR - Error while reading webpage
22-Dec-22 01:02:52 - ERROR - Error while reading webpage
22-Dec-22 01:02:52 - ERROR - Error while reading webpage
22-Dec-22 01:02:52 - ERROR - Error while reading webpage
22-Dec-22 01:02:52 - ERROR - Error while reading webpage
22-Dec-22 01:02:52 - ERROR - Error while reading webpage
22-Dec-22 01:02:52 - ERROR - Error while reading webpage
22-Dec-22 01:02:52 - ERROR - Error while reading webpage
22-Dec-22 01:02:52 - ERROR - Error while reading webpage
22-Dec-22 01:02:52 - ERROR - Error while reading webpage
22-Dec-22 01:02:52 - ERROR - Error while reading webpage
22-Dec-22 01:02:52 - ERROR - Error while reading webpage
22-Dec-22 01:02:52 - ERROR - Error while reading webpage
22-Dec-22 01:02:52 - ERROR - Error while reading webpage
22-Dec-22 01:02:52 - ERROR - Error while reading webpage
22-Dec-22 01:02:52 - ERROR - Error while reading webpage
22-Dec-22 01:02:52 - ERROR - Error while reading webpage
22-Dec-22 01:02:52 - ERROR - Error while reading webpage
22-Dec-22 01:02:52 - ERROR - Error while reading webpage
22-Dec-22 01:02:52 - ERROR - Error while reading webpage
22-Dec-22 01:02:52 - ERROR - Error while reading webpage
22-Dec-22 01:02:52 - ERROR - Error while reading webpage
22-Dec-22 01:02:52 - ERROR - Error while reading webpage
22-Dec-22 01:02:52 - ERROR - Error while reading webpage
22-Dec-22 01:02:52 - ERROR - Error while reading webpage
22-Dec-22 01:02:52 - ERROR - Error while reading webpage
22-Dec-22 01:02:52 - ERROR - Error while reading webpage
22-Dec-22 01:02:52 - ERROR - Error while reading webpage
22-Dec-22 01:02:52 - ERROR - Error while reading webpage
22-Dec-22 01:02:52 - ERROR - Error while reading webpage
22-Dec-22 01:02:52 - ERROR - Error while reading webpage
22-Dec-22 01:02:52 - ERROR - Error while reading webpage
22-Dec-22 01:02:52 - ERROR - Error while reading webpage
22-Dec-22 01:02:52 - ERROR - Error while reading webpage
22-Dec-22 01:02:52 - ERROR - Error while reading webpage
22-Dec-22 01:02:52 - ERROR - Error while reading webpage
22-Dec-22 01:02:52 - ERROR - Error while reading webpage
22-Dec-22 01:02:52 - ERROR - Error while reading webpage
22-Dec-22 01:02:52 - ERROR - Error while reading webpage
22-Dec-22 01:02:52 - ERROR - Error while reading webpage
22-Dec-22 01:02:52 - ERROR - Error while reading webpage
22-Dec-22 01:02:52 - ERROR - Error while reading webpage
22-Dec-22 01:02:52 - ERROR - Error while reading webpage
22-Dec-22 01:02:52 - ERROR - Error while reading webpage
22-Dec-22 01:02:52 - ERROR - Error while reading webpage
22-Dec-22 01:02:52 - ERROR - Error while reading webpage
22-Dec-22 01:02:52 - ERROR - Error while reading webpage
22-Dec-22 01:02:52 - ERROR - Error while reading webpage
22-Dec-22 01:02:52 - ERROR - Error while reading webpage
22-Dec-22 01:02:52 - ERROR - Error while reading webpage
22-Dec-22 01:02:52 - ERROR - Error while reading webpage
22-Dec-22 01:02:52 - ERROR - Error while reading webpage
22-Dec-22 01:02:52 - ERROR - Error while reading webpage
22-Dec-22 01:02:52 - ERROR - Error while reading webpage
22-Dec-22 01:02:52 - ERROR - Error while reading webpage
22-Dec-22 01:02:52 - ERROR - Error while reading webpage
22-Dec-22 01:02:52 - ERROR - Error while reading webpage
22-Dec-22 01:02:52 - ERROR - Error while reading webpage
22-Dec-22 01:02:52 - ERROR - Error while reading webpage
22-Dec-22 01:02:52 - ERROR - Error while reading webpage
22-Dec-22 01:02:52 - ERROR - Error while reading webpage
22-Dec-22 01:02:52 - ERROR - Error while reading webpage
22-Dec-22 01:02:52 - ERROR - Error while reading webpage
22-Dec-22 01:02:52 - ERROR - Error while reading webpage
22-Dec-22 01:02:52 - ERROR - Error while reading webpage
22-Dec-22 01:02:52 - ERROR - Error while reading webpage
22-Dec-22 01:02:52 - ERROR - Error while reading webpage
22-Dec-22 01:02:52 - ERROR - Error while reading webpage
22-Dec-22 01:02:52 - ERROR - Error while reading webpage
22-Dec-22 01:02:52 - ERROR - Error while reading webpage
22-Dec-22 01:02:52 - ERROR - Error while reading webpage
22-Dec-22 01:02:52 - ERROR - Error while reading webpage
22-Dec-22 01:02:52 - ERROR - Error while reading webpage
22-Dec-22 01:02:52 - ERROR - Error while reading webpage
22-Dec-22 01:02:52 - ERROR - Error while reading webpage
22-Dec-22 01:02:52 - ERROR - Error while reading webpage
22-Dec-22 01:02:52 - ERROR - Error while reading webpage
22-Dec-22 01:02:52 - ERROR - Error while reading webpage
22-Dec-22 01:02:52 - ERROR - Error while reading webpage
22-Dec-22 01:02:52 - ERROR - Error while reading webpage
22-Dec-22 01:02:52 - ERROR - Error while reading webpage
22-Dec-22 01:02:52 - ERROR - Error while reading webpage
22-Dec-22 01:02:52 - ERROR - Error while reading webpage
22-Dec-22 01:02:52 - ERROR - Error while reading webpage
22-Dec-22 01:02:52 - ERROR - Error while reading webpage
22-Dec-22 01:02:52 - ERROR - Error while reading webpage
22-Dec-22 01:02:52 - ERROR - Error while reading webpage
22-Dec-22 01:02:52 - ERROR - Error while reading webpage
22-Dec-22 01:02:52 - ERROR - Error while reading webpage
22-Dec-22 01:02:52 - ERROR - Error while reading webpage
22-Dec-22 01:02:52 - ERROR - Error while reading webpage
22-Dec-22 01:02:52 - ERROR - Error while reading webpage
22-Dec-22 01:02:52 - ERROR - Error while reading webpage
22-Dec-22 01:02:52 - ERROR - Error while reading webpage
22-Dec-22 01:02:52 - ERROR - Error while reading webpage
22-Dec-22 01:02:52 - ERROR - Error while reading webpage
22-Dec-22 01:02:52 - ERROR - Error while reading webpage
22-Dec-22 01:02:52 - ERROR - Error while reading webpage
22-Dec-22 01:02:52 - ERROR - Error while reading webpage
22-Dec-22 01:02:52 - ERROR - Error while reading webpage
22-Dec-22 01:02:52 - ERROR - Error while reading webpage
22-Dec-22 01:02:52 - ERROR - Error while reading webpage
22-Dec-22 01:02:52 - ERROR - Error while reading webpage
22-Dec-22 01:02:52 - ERROR - Error while reading webpage
22-Dec-22 01:02:52 - ERROR - Error while reading webpage
22-Dec-22 01:02:52 - ERROR - Error while reading webpage
22-Dec-22 01:02:52 - ERROR - Error while reading webpage
22-Dec-22 01:02:52 - ERROR - Error while reading webpage
22-Dec-22 01:02:52 - ERROR - Error while reading webpage
22-Dec-22 01:02:52 - ERROR - Error while reading webpage
22-Dec-22 01:02:52 - ERROR - Error while reading webpage
22-Dec-22 01:02:52 - ERROR - Error while reading webpage
22-Dec-22 01:02:52 - ERROR - Error while reading webpage
22-Dec-22 01:02:52 - ERROR - Error while reading webpage
22-Dec-22 01:02:52 - ERROR - Error while reading webpage
22-Dec-22 01:02:52 - ERROR - Error while reading webpage
22-Dec-22 01:02:52 - ERROR - Error while reading webpage
22-Dec-22 01:02:52 - ERROR - Error while reading webpage
22-Dec-22 01:02:52 - ERROR - Error while reading webpage
22-Dec-22 01:02:52 - ERROR - Error while reading webpage
22-Dec-22 01:02:52 - ERROR - Error while reading webpage
22-Dec-22 01:02:52 - ERROR - Error while reading webpage
22-Dec-22 01:02:52 - ERROR - Error while reading webpage
22-Dec-22 01:02:52 - INFO - Number of pages read - 363
22-Dec-22 01:02:52 - INFO - Time taken to read all the pages - 41.04692196846008 secs
22-Dec-22 01:02:52 - INFO - Data written to the JSON file
22-Dec-22 01:02:52 - INFO - Data read from file.
22-Dec-22 01:02:52 - INFO - Weights assigned.
22-Dec-22 01:02:52 - INFO - Text from links processed.
