24-Dec-22 12:05:54 - INFO - Log - START
24-Dec-22 12:05:54 - INFO - People grouped.
24-Dec-22 12:05:54 - INFO - CameraLens.json > JSON read
24-Dec-22 12:05:54 - INFO - CameraLens.json > Keys made
24-Dec-22 12:05:54 - INFO - CameraLens.json > JSON written
24-Dec-22 12:05:54 - INFO - Laptop.json > JSON read
24-Dec-22 12:05:54 - INFO - Laptop.json > Keys made
24-Dec-22 12:05:54 - INFO - Laptop.json > JSON written
24-Dec-22 12:05:54 - INFO - LaptopPeriferals.json > JSON read
24-Dec-22 12:05:54 - INFO - LaptopPeriferals.json > Keys made
24-Dec-22 12:05:54 - INFO - LaptopPeriferals.json > JSON written
24-Dec-22 12:05:54 - INFO - Mobile.json > JSON read
24-Dec-22 12:05:54 - INFO - Mobile.json > Keys made
24-Dec-22 12:05:54 - INFO - Mobile.json > JSON written
24-Dec-22 12:05:54 - INFO - Person.json > JSON read
24-Dec-22 12:05:54 - INFO - Person.json > Keys made
24-Dec-22 12:05:54 - INFO - Person.json > JSON written
24-Dec-22 12:05:54 - INFO - Refrigerator.json > JSON read
24-Dec-22 12:05:54 - INFO - Refrigerator.json > Keys made
24-Dec-22 12:05:54 - INFO - Refrigerator.json > JSON written
24-Dec-22 12:05:54 - INFO - Tablet.json > JSON read
24-Dec-22 12:05:54 - INFO - Tablet.json > Keys made
24-Dec-22 12:05:54 - INFO - Tablet.json > JSON written
24-Dec-22 12:05:54 - INFO - TV.json > JSON read
24-Dec-22 12:05:54 - INFO - TV.json > Keys made
24-Dec-22 12:05:54 - INFO - TV.json > JSON written
24-Dec-22 12:05:54 - INFO - WashingMachine.json > JSON read
24-Dec-22 12:05:54 - INFO - WashingMachine.json > Keys made
24-Dec-22 12:05:55 - INFO - WashingMachine.json > JSON written
24-Dec-22 12:05:55 - INFO - WearableSmartDevice.json > JSON read
24-Dec-22 12:05:55 - INFO - WearableSmartDevice.json > Keys made
24-Dec-22 12:05:55 - INFO - WearableSmartDevice.json > JSON written
24-Dec-22 12:05:55 - INFO - Creating files completed!
24-Dec-22 12:05:55 - INFO - ID(s): ['1010', '3214']
24-Dec-22 12:05:55 - INFO - Fetching data from WiKi
24-Dec-22 12:05:55 - INFO - Items read successfully
24-Dec-22 12:05:55 - INFO - Data fetched from WiKi
24-Dec-22 12:05:55 - INFO - Items read successfully
24-Dec-22 12:05:55 - INFO - Items written to file successfully
24-Dec-22 12:07:49 - INFO - Links fetched
24-Dec-22 12:07:49 - INFO - Links dumped to file
24-Dec-22 12:07:49 - INFO - Links read from file.
24-Dec-22 12:07:51 - ERROR - Error while reading webpage
24-Dec-22 12:07:55 - ERROR - Error while reading webpage
24-Dec-22 12:07:55 - ERROR - Error while reading webpage
24-Dec-22 12:07:56 - ERROR - Error while reading webpage
24-Dec-22 12:07:56 - ERROR - Error while reading webpage
24-Dec-22 12:07:56 - ERROR - Error while reading webpage
24-Dec-22 12:07:56 - ERROR - Error while reading webpage
24-Dec-22 12:07:59 - ERROR - Error while reading webpage
24-Dec-22 12:07:59 - ERROR - Error while reading webpage
24-Dec-22 12:08:04 - ERROR - Error while reading webpage
24-Dec-22 12:08:08 - ERROR - Error while reading webpage
24-Dec-22 12:08:11 - ERROR - Error while reading webpage
24-Dec-22 12:08:12 - ERROR - Error while reading webpage
24-Dec-22 12:08:12 - ERROR - Error while reading webpage
24-Dec-22 12:08:14 - ERROR - Error while reading webpage
24-Dec-22 12:08:18 - ERROR - Error while reading webpage
24-Dec-22 12:08:18 - ERROR - Error while reading webpage
24-Dec-22 12:08:19 - ERROR - Error while reading webpage
24-Dec-22 12:08:19 - ERROR - Error while reading webpage
24-Dec-22 12:08:20 - ERROR - Error while reading webpage
24-Dec-22 12:08:20 - ERROR - Error while reading webpage
24-Dec-22 12:08:20 - ERROR - Error while reading webpage
24-Dec-22 12:08:21 - ERROR - Error while reading webpage
24-Dec-22 12:08:21 - ERROR - Error while reading webpage
24-Dec-22 12:08:22 - ERROR - Error while reading webpage
24-Dec-22 12:08:22 - ERROR - Error while reading webpage
24-Dec-22 12:08:23 - ERROR - Error while reading webpage
24-Dec-22 12:08:25 - ERROR - Error while reading webpage
24-Dec-22 12:08:25 - ERROR - Error while reading webpage
24-Dec-22 12:08:26 - ERROR - Error while reading webpage
24-Dec-22 12:08:30 - ERROR - Error while reading webpage
24-Dec-22 12:08:30 - ERROR - Error while reading webpage
24-Dec-22 12:08:30 - ERROR - Error while reading webpage
24-Dec-22 12:08:30 - ERROR - Error while reading webpage
24-Dec-22 12:08:31 - ERROR - Error while reading webpage
24-Dec-22 12:08:31 - ERROR - Error while reading webpage
24-Dec-22 12:08:31 - ERROR - Error while reading webpage
24-Dec-22 12:08:33 - ERROR - Error while reading webpage
24-Dec-22 12:08:33 - ERROR - Error while reading webpage
24-Dec-22 12:08:33 - ERROR - Error while reading webpage
24-Dec-22 12:08:33 - ERROR - Error while reading webpage
24-Dec-22 12:08:45 - ERROR - Error while reading webpage
24-Dec-22 12:08:47 - ERROR - Error while reading webpage
24-Dec-22 12:08:49 - ERROR - Error while reading webpage
24-Dec-22 12:08:49 - ERROR - Error while reading webpage
24-Dec-22 12:08:51 - ERROR - Error while reading webpage
24-Dec-22 12:08:51 - ERROR - Error while reading webpage
24-Dec-22 12:08:52 - ERROR - Error while reading webpage
24-Dec-22 12:09:11 - ERROR - Error while reading webpage
24-Dec-22 12:09:11 - INFO - Number of pages read - 363
24-Dec-22 12:09:11 - INFO - Time taken to read all the pages - 82.26129293441772 secs
24-Dec-22 12:09:11 - INFO - Data written to the JSON file
24-Dec-22 12:09:11 - INFO - Data read from file.
24-Dec-22 12:09:58 - INFO - Weights assigned.
24-Dec-22 12:10:00 - INFO - Text from links processed.
24-Dec-22 12:10:00 - INFO - >> https://www.detailedpedia.com/wiki-Elon_Musk - 198
24-Dec-22 12:10:00 - INFO - >> https://kids.kiddle.co/Elon_Musk - 189
24-Dec-22 12:10:00 - INFO - >> https://handwiki.org/wiki/Biography:Elon%20Musk - 181
24-Dec-22 12:10:00 - INFO - >> https://ultimatepopculture.fandom.com/wiki/Elon_Musk - 177
24-Dec-22 12:10:00 - INFO - >> https://www.intel.com/content/www/us/en/developer/articles/technical/accelerate-deep-learning-inference-with-integrated-intel-processor-graphics-rev-2-0.html - 166
24-Dec-22 12:10:00 - INFO - >> https://www.astrotheme.com/astrology/Maye_Musk - 154
24-Dec-22 12:10:00 - INFO - >> https://infogalactic.com/info/Elon_Musk - 153
24-Dec-22 12:10:00 - INFO - >> https://elonmusklife.com/about/ - 112
24-Dec-22 12:10:00 - INFO - >> https://www.iup.edu/academics/undergraduate-programs/majors/index.html - 101
24-Dec-22 12:10:00 - INFO - >> https://ark.intel.com/content/www/us/en/ark/products/196451/intel-core-i310110u-processor-4m-cache-up-to-4-10-ghz.html - 90
24-Dec-22 12:10:00 - INFO - Seed URL match:['Africa', 'Law', 'Construction', 'System', 'Artificial intelligence', 'Statistics', 'Engineer', 'Facebook', 'Australia', 'Money', 'Physics', 'Microsoft', 'Intuit', '60 Minutes', 'Energy', 'Emerald', 'Design', 'California', 'Bank', 'Government', 'Shareholder', 'Human', 'The Verge', 'Business Insider', 'Engineering', 'EBay', 'Science', 'Credit', 'The New York Times', 'Wired (magazine)', 'Forbes', 'Chicago', 'Machine', 'Book', 'Fire', 'Canada', 'Climate change', 'Natural language', 'Fitbit', 'Award', 'Medal', 'South Africa', 'Democracy', 'Initial public offering', 'Reference', 'Compaq', 'Family', 'Day', 'PayPal', 'Google', 'Chairman', 'Twitter', 'Alexandria', 'Architect', 'Fortune (magazine)', 'China', 'Building', 'Urban planning', 'King', 'Economics', 'Innovation', 'Electric vehicle', 'Person', 'Material', 'Fossil', 'United States', 'Materials science', 'European Union', 'Earth', 'Financial Times', 'Title', '2022', 'Freedom of speech', 'Business']
24-Dec-22 12:10:00 - INFO - Log - END
