18-Dec-22 19:17:54 - INFO - Log - START
18-Dec-22 19:17:54 - INFO - People grouped.
18-Dec-22 19:17:54 - INFO - CameraLens.json > JSON read
18-Dec-22 19:17:54 - INFO - CameraLens.json > Keys made
18-Dec-22 19:17:54 - INFO - CameraLens.json > JSON written
18-Dec-22 19:17:54 - INFO - Laptop.json > JSON read
18-Dec-22 19:17:54 - INFO - Laptop.json > Keys made
18-Dec-22 19:17:54 - INFO - Laptop.json > JSON written
18-Dec-22 19:17:54 - INFO - LaptopPeriferals.json > JSON read
18-Dec-22 19:17:54 - INFO - LaptopPeriferals.json > Keys made
18-Dec-22 19:17:54 - INFO - LaptopPeriferals.json > JSON written
18-Dec-22 19:17:54 - INFO - Mobile.json > JSON read
18-Dec-22 19:17:54 - INFO - Mobile.json > Keys made
18-Dec-22 19:17:55 - INFO - Mobile.json > JSON written
18-Dec-22 19:17:55 - INFO - Person.json > JSON read
18-Dec-22 19:17:55 - INFO - Person.json > Keys made
18-Dec-22 19:17:55 - INFO - Person.json > JSON written
18-Dec-22 19:17:55 - INFO - Refrigerator.json > JSON read
18-Dec-22 19:17:55 - INFO - Refrigerator.json > Keys made
18-Dec-22 19:17:55 - INFO - Refrigerator.json > JSON written
18-Dec-22 19:17:55 - INFO - Tablet.json > JSON read
18-Dec-22 19:17:55 - INFO - Tablet.json > Keys made
18-Dec-22 19:17:55 - INFO - Tablet.json > JSON written
18-Dec-22 19:17:55 - INFO - TV.json > JSON read
18-Dec-22 19:17:55 - INFO - TV.json > Keys made
18-Dec-22 19:17:55 - INFO - TV.json > JSON written
18-Dec-22 19:17:55 - INFO - WashingMachine.json > JSON read
18-Dec-22 19:17:55 - INFO - WashingMachine.json > Keys made
18-Dec-22 19:17:55 - INFO - WashingMachine.json > JSON written
18-Dec-22 19:17:55 - INFO - WearableSmartDevice.json > JSON read
18-Dec-22 19:17:55 - INFO - WearableSmartDevice.json > Keys made
18-Dec-22 19:17:55 - INFO - WearableSmartDevice.json > JSON written
18-Dec-22 19:17:55 - INFO - Creating files completed!
18-Dec-22 19:17:55 - INFO - ID(s): ['1010', '3124']
18-Dec-22 19:17:55 - INFO - Items read successfully
18-Dec-22 19:17:55 - INFO - Items written to file successfully
18-Dec-22 19:18:25 - WARNING - For: built in microphone AND auto focus, zoom level: 4, brightness level: 7, multi shot, night mode - ('Connection aborted.', ConnectionResetError(10054, 'An existing connection was forcibly closed by the remote host', None, 10054, None))
18-Dec-22 19:18:25 - CRITICAL - Too many requests! need to cool down
18-Dec-22 19:18:35 - INFO - Fetched from Bing!
18-Dec-22 19:18:55 - WARNING - For: intel integrated uhd AND rear flash - ('Connection aborted.', ConnectionResetError(10054, 'An existing connection was forcibly closed by the remote host', None, 10054, None))
18-Dec-22 19:18:55 - CRITICAL - Too many requests! need to cool down
18-Dec-22 19:19:02 - INFO - Fetched from Bing!
18-Dec-22 19:19:22 - WARNING - For: 10110u AND mp4, 3gp, mov - ('Connection aborted.', ConnectionResetError(10054, 'An existing connection was forcibly closed by the remote host', None, 10054, None))
18-Dec-22 19:19:22 - CRITICAL - Too many requests! need to cool down
18-Dec-22 19:19:32 - INFO - Fetched from Bing!
