24-Dec-22 12:17:42 - INFO - Log - START
24-Dec-22 12:17:42 - INFO - People grouped.
24-Dec-22 12:17:42 - INFO - CameraLens.json > JSON read
24-Dec-22 12:17:42 - INFO - CameraLens.json > Keys made
24-Dec-22 12:17:42 - INFO - CameraLens.json > JSON written
24-Dec-22 12:17:42 - INFO - Laptop.json > JSON read
24-Dec-22 12:17:42 - INFO - Laptop.json > Keys made
24-Dec-22 12:17:42 - INFO - Laptop.json > JSON written
24-Dec-22 12:17:42 - INFO - LaptopPeriferals.json > JSON read
24-Dec-22 12:17:42 - INFO - LaptopPeriferals.json > Keys made
24-Dec-22 12:17:42 - INFO - LaptopPeriferals.json > JSON written
24-Dec-22 12:17:42 - INFO - Mobile.json > JSON read
24-Dec-22 12:17:42 - INFO - Mobile.json > Keys made
24-Dec-22 12:17:42 - INFO - Mobile.json > JSON written
24-Dec-22 12:17:42 - INFO - Person.json > JSON read
24-Dec-22 12:17:42 - INFO - Person.json > Keys made
24-Dec-22 12:17:42 - INFO - Person.json > JSON written
24-Dec-22 12:17:42 - INFO - Refrigerator.json > JSON read
24-Dec-22 12:17:42 - INFO - Refrigerator.json > Keys made
24-Dec-22 12:17:42 - INFO - Refrigerator.json > JSON written
24-Dec-22 12:17:42 - INFO - Tablet.json > JSON read
24-Dec-22 12:17:42 - INFO - Tablet.json > Keys made
24-Dec-22 12:17:42 - INFO - Tablet.json > JSON written
24-Dec-22 12:17:42 - INFO - TV.json > JSON read
24-Dec-22 12:17:42 - INFO - TV.json > Keys made
24-Dec-22 12:17:42 - INFO - TV.json > JSON written
24-Dec-22 12:17:42 - INFO - WashingMachine.json > JSON read
24-Dec-22 12:17:42 - INFO - WashingMachine.json > Keys made
24-Dec-22 12:17:42 - INFO - WashingMachine.json > JSON written
24-Dec-22 12:17:42 - INFO - WearableSmartDevice.json > JSON read
24-Dec-22 12:17:42 - INFO - WearableSmartDevice.json > Keys made
24-Dec-22 12:17:42 - INFO - WearableSmartDevice.json > JSON written
24-Dec-22 12:17:42 - INFO - Creating files completed!
24-Dec-22 12:17:42 - INFO - ID(s): ['1010', '3214']
24-Dec-22 12:17:42 - INFO - Fetching data from WiKi
24-Dec-22 12:17:43 - INFO - Items read successfully
24-Dec-22 12:17:43 - INFO - Data fetched from WiKi
24-Dec-22 12:17:43 - INFO - Items read successfully
24-Dec-22 12:17:43 - INFO - Items written to file successfully
24-Dec-22 12:19:54 - INFO - Links fetched
24-Dec-22 12:19:54 - INFO - Links dumped to file
24-Dec-22 12:19:54 - INFO - Links read from file.
24-Dec-22 12:19:55 - ERROR - Error while reading webpage
24-Dec-22 12:19:55 - ERROR - Error while reading webpage
24-Dec-22 12:19:55 - ERROR - Error while reading webpage
24-Dec-22 12:19:58 - ERROR - Error while reading webpage
24-Dec-22 12:19:58 - ERROR - Error while reading webpage
24-Dec-22 12:20:01 - ERROR - Error while reading webpage
24-Dec-22 12:20:01 - ERROR - Error while reading webpage
24-Dec-22 12:20:02 - ERROR - Error while reading webpage
24-Dec-22 12:20:03 - ERROR - Error while reading webpage
24-Dec-22 12:20:03 - ERROR - Error while reading webpage
24-Dec-22 12:20:03 - ERROR - Error while reading webpage
24-Dec-22 12:20:03 - ERROR - Error while reading webpage
24-Dec-22 12:20:08 - ERROR - Error while reading webpage
24-Dec-22 12:20:08 - ERROR - Error while reading webpage
24-Dec-22 12:20:10 - ERROR - Error while reading webpage
24-Dec-22 12:20:12 - ERROR - Error while reading webpage
24-Dec-22 12:20:14 - ERROR - Error while reading webpage
24-Dec-22 12:20:15 - ERROR - Error while reading webpage
24-Dec-22 12:20:17 - ERROR - Error while reading webpage
24-Dec-22 12:20:17 - ERROR - Error while reading webpage
24-Dec-22 12:20:17 - ERROR - Error while reading webpage
24-Dec-22 12:20:19 - ERROR - Error while reading webpage
24-Dec-22 12:20:19 - ERROR - Error while reading webpage
24-Dec-22 12:20:21 - ERROR - Error while reading webpage
24-Dec-22 12:20:22 - ERROR - Error while reading webpage
24-Dec-22 12:20:22 - ERROR - Error while reading webpage
24-Dec-22 12:20:26 - ERROR - Error while reading webpage
24-Dec-22 12:20:26 - ERROR - Error while reading webpage
24-Dec-22 12:20:29 - ERROR - Error while reading webpage
24-Dec-22 12:20:31 - ERROR - Error while reading webpage
24-Dec-22 12:20:32 - ERROR - Error while reading webpage
24-Dec-22 12:20:32 - ERROR - Error while reading webpage
24-Dec-22 12:20:33 - ERROR - Error while reading webpage
24-Dec-22 12:20:34 - ERROR - Error while reading webpage
24-Dec-22 12:20:34 - ERROR - Error while reading webpage
24-Dec-22 12:20:35 - ERROR - Error while reading webpage
24-Dec-22 12:20:35 - ERROR - Error while reading webpage
24-Dec-22 12:20:35 - ERROR - Error while reading webpage
24-Dec-22 12:20:39 - ERROR - Error while reading webpage
24-Dec-22 12:20:39 - ERROR - Error while reading webpage
24-Dec-22 12:20:43 - ERROR - Error while reading webpage
24-Dec-22 12:20:45 - ERROR - Error while reading webpage
24-Dec-22 12:20:46 - ERROR - Error while reading webpage
24-Dec-22 12:20:46 - ERROR - Error while reading webpage
24-Dec-22 12:20:46 - ERROR - Error while reading webpage
24-Dec-22 12:21:02 - ERROR - Error while reading webpage
24-Dec-22 12:21:06 - ERROR - Error while reading webpage
24-Dec-22 12:21:31 - ERROR - Error while reading webpage
24-Dec-22 12:21:31 - INFO - Number of pages read - 402
24-Dec-22 12:21:31 - INFO - Time taken to read all the pages - 96.82884097099304 secs
24-Dec-22 12:21:31 - INFO - Data written to the JSON file
24-Dec-22 12:21:31 - INFO - Data read from file.
