18-Dec-22 12:43:44 - INFO - Log - START
18-Dec-22 12:43:44 - INFO - People grouped.
18-Dec-22 12:43:44 - INFO - CameraLens.json > JSON read
18-Dec-22 12:43:44 - INFO - CameraLens.json > Keys made
18-Dec-22 12:43:44 - INFO - CameraLens.json > JSON written
18-Dec-22 12:43:44 - INFO - Laptop.json > JSON read
18-Dec-22 12:43:44 - INFO - Laptop.json > Keys made
18-Dec-22 12:43:44 - INFO - Laptop.json > JSON written
18-Dec-22 12:43:44 - INFO - LaptopPeriferals.json > JSON read
18-Dec-22 12:43:44 - INFO - LaptopPeriferals.json > Keys made
18-Dec-22 12:43:44 - INFO - LaptopPeriferals.json > JSON written
18-Dec-22 12:43:44 - INFO - Mobile.json > JSON read
18-Dec-22 12:43:44 - INFO - Mobile.json > Keys made
18-Dec-22 12:43:45 - INFO - Mobile.json > JSON written
18-Dec-22 12:43:45 - INFO - Person.json > JSON read
18-Dec-22 12:43:45 - INFO - Person.json > Keys made
18-Dec-22 12:43:45 - INFO - Person.json > JSON written
18-Dec-22 12:43:45 - INFO - Refrigerator.json > JSON read
18-Dec-22 12:43:45 - INFO - Refrigerator.json > Keys made
18-Dec-22 12:43:45 - INFO - Refrigerator.json > JSON written
18-Dec-22 12:43:45 - INFO - Tablet.json > JSON read
18-Dec-22 12:43:45 - INFO - Tablet.json > Keys made
18-Dec-22 12:43:45 - INFO - Tablet.json > JSON written
18-Dec-22 12:43:45 - INFO - TV.json > JSON read
18-Dec-22 12:43:45 - INFO - TV.json > Keys made
18-Dec-22 12:43:45 - INFO - TV.json > JSON written
18-Dec-22 12:43:45 - INFO - WashingMachine.json > JSON read
18-Dec-22 12:43:45 - INFO - WashingMachine.json > Keys made
18-Dec-22 12:43:46 - INFO - WashingMachine.json > JSON written
18-Dec-22 12:43:46 - INFO - WearableSmartDevice.json > JSON read
18-Dec-22 12:43:46 - INFO - WearableSmartDevice.json > Keys made
18-Dec-22 12:43:46 - INFO - WearableSmartDevice.json > JSON written
18-Dec-22 12:43:46 - INFO - Creating files completed!
18-Dec-22 12:43:46 - INFO - ID(s): ['1234', '2122']
18-Dec-22 12:43:46 - ERROR - [WinError 3] The system cannot find the path specified: '/data/files_with_id'
