21-Dec-22 16:28:28 - INFO - Log - START
21-Dec-22 16:28:28 - INFO - People grouped.
21-Dec-22 16:28:28 - INFO - CameraLens.json > JSON read
21-Dec-22 16:28:29 - INFO - CameraLens.json > Keys made
21-Dec-22 16:28:29 - INFO - CameraLens.json > JSON written
21-Dec-22 16:28:29 - INFO - Laptop.json > JSON read
21-Dec-22 16:28:29 - INFO - Laptop.json > Keys made
21-Dec-22 16:28:29 - INFO - Laptop.json > JSON written
21-Dec-22 16:28:29 - INFO - LaptopPeriferals.json > JSON read
21-Dec-22 16:28:29 - INFO - LaptopPeriferals.json > Keys made
21-Dec-22 16:28:29 - INFO - LaptopPeriferals.json > JSON written
21-Dec-22 16:28:29 - INFO - Mobile.json > JSON read
21-Dec-22 16:28:29 - INFO - Mobile.json > Keys made
21-Dec-22 16:28:29 - INFO - Mobile.json > JSON written
21-Dec-22 16:28:29 - INFO - Person.json > JSON read
21-Dec-22 16:28:29 - INFO - Person.json > Keys made
21-Dec-22 16:28:29 - INFO - Person.json > JSON written
21-Dec-22 16:28:29 - INFO - Refrigerator.json > JSON read
21-Dec-22 16:28:29 - INFO - Refrigerator.json > Keys made
21-Dec-22 16:28:29 - INFO - Refrigerator.json > JSON written
21-Dec-22 16:28:29 - INFO - Tablet.json > JSON read
21-Dec-22 16:28:29 - INFO - Tablet.json > Keys made
21-Dec-22 16:28:29 - INFO - Tablet.json > JSON written
21-Dec-22 16:28:29 - INFO - TV.json > JSON read
21-Dec-22 16:28:29 - INFO - TV.json > Keys made
21-Dec-22 16:28:29 - INFO - TV.json > JSON written
21-Dec-22 16:28:29 - INFO - WashingMachine.json > JSON read
21-Dec-22 16:28:29 - INFO - WashingMachine.json > Keys made
21-Dec-22 16:28:29 - INFO - WashingMachine.json > JSON written
21-Dec-22 16:28:29 - INFO - WearableSmartDevice.json > JSON read
21-Dec-22 16:28:29 - INFO - WearableSmartDevice.json > Keys made
21-Dec-22 16:28:30 - INFO - WearableSmartDevice.json > JSON written
21-Dec-22 16:28:30 - INFO - Creating files completed!
21-Dec-22 16:28:30 - INFO - ID(s): ['3219', '1001']
21-Dec-22 16:28:30 - INFO - Items read successfully
21-Dec-22 16:28:30 - INFO - Items written to file successfully
21-Dec-22 16:31:41 - INFO - Links fetched
21-Dec-22 16:31:41 - INFO - Links dumped to file
21-Dec-22 16:31:41 - INFO - Links read from file.
21-Dec-22 16:31:43 - ERROR - Error while reading webpage
21-Dec-22 16:31:45 - ERROR - Error while reading webpage
21-Dec-22 16:31:47 - ERROR - Error while reading webpage
21-Dec-22 16:31:48 - ERROR - Error while reading webpage
21-Dec-22 16:31:49 - ERROR - Error while reading webpage
21-Dec-22 16:31:51 - ERROR - Error while reading webpage
21-Dec-22 16:31:56 - ERROR - Error while reading webpage
21-Dec-22 16:31:57 - ERROR - Error while reading webpage
21-Dec-22 16:31:57 - ERROR - Error while reading webpage
21-Dec-22 16:31:58 - ERROR - Error while reading webpage
21-Dec-22 16:31:58 - ERROR - Error while reading webpage
21-Dec-22 16:32:03 - ERROR - Error while reading webpage
21-Dec-22 16:32:05 - ERROR - Error while reading webpage
21-Dec-22 16:32:06 - ERROR - Error while reading webpage
21-Dec-22 16:32:08 - ERROR - Error while reading webpage
21-Dec-22 16:32:09 - ERROR - Error while reading webpage
21-Dec-22 16:32:09 - ERROR - Error while reading webpage
21-Dec-22 16:32:09 - ERROR - Error while reading webpage
21-Dec-22 16:32:13 - ERROR - Error while reading webpage
21-Dec-22 16:32:14 - ERROR - Error while reading webpage
21-Dec-22 16:32:14 - ERROR - Error while reading webpage
21-Dec-22 16:32:15 - ERROR - Error while reading webpage
21-Dec-22 16:32:16 - ERROR - Error while reading webpage
21-Dec-22 16:32:17 - ERROR - Error while reading webpage
21-Dec-22 16:32:20 - ERROR - Error while reading webpage
21-Dec-22 16:32:27 - ERROR - Error while reading webpage
21-Dec-22 16:32:29 - ERROR - Error while reading webpage
21-Dec-22 16:32:30 - ERROR - Error while reading webpage
21-Dec-22 16:32:32 - ERROR - Error while reading webpage
21-Dec-22 16:32:36 - ERROR - Error while reading webpage
21-Dec-22 16:32:39 - ERROR - Error while reading webpage
21-Dec-22 16:32:39 - ERROR - Error while reading webpage
21-Dec-22 16:32:41 - ERROR - Error while reading webpage
21-Dec-22 16:32:44 - ERROR - Error while reading webpage
21-Dec-22 16:32:46 - ERROR - Error while reading webpage
21-Dec-22 16:32:49 - ERROR - Error while reading webpage
21-Dec-22 16:32:49 - ERROR - Error while reading webpage
21-Dec-22 16:32:53 - ERROR - Error while reading webpage
21-Dec-22 16:32:53 - ERROR - Error while reading webpage
21-Dec-22 16:32:54 - ERROR - Error while reading webpage
21-Dec-22 16:32:55 - ERROR - Error while reading webpage
21-Dec-22 16:33:12 - ERROR - Error while reading webpage
21-Dec-22 16:33:12 - ERROR - Error while reading webpage
21-Dec-22 16:33:12 - ERROR - Error while reading webpage
21-Dec-22 16:33:12 - ERROR - Error while reading webpage
21-Dec-22 16:33:12 - ERROR - Error while reading webpage
21-Dec-22 16:33:13 - ERROR - Error while reading webpage
21-Dec-22 16:33:13 - ERROR - Error while reading webpage
21-Dec-22 16:33:14 - ERROR - Error while reading webpage
21-Dec-22 16:33:14 - ERROR - Error while reading webpage
21-Dec-22 16:33:20 - ERROR - Error while reading webpage
21-Dec-22 16:33:21 - ERROR - Error while reading webpage
21-Dec-22 16:33:22 - ERROR - Error while reading webpage
21-Dec-22 16:33:27 - ERROR - Error while reading webpage
21-Dec-22 16:33:27 - ERROR - Error while reading webpage
21-Dec-22 16:33:28 - ERROR - Error while reading webpage
21-Dec-22 16:33:30 - ERROR - Error while reading webpage
21-Dec-22 16:33:32 - ERROR - Error while reading webpage
21-Dec-22 16:33:33 - ERROR - Error while reading webpage
21-Dec-22 16:33:33 - ERROR - Error while reading webpage
21-Dec-22 16:33:35 - ERROR - Error while reading webpage
21-Dec-22 16:33:36 - ERROR - Error while reading webpage
21-Dec-22 16:33:39 - ERROR - Error while reading webpage
21-Dec-22 16:33:39 - ERROR - Error while reading webpage
21-Dec-22 16:33:46 - ERROR - Error while reading webpage
21-Dec-22 16:33:46 - ERROR - Error while reading webpage
21-Dec-22 16:33:48 - ERROR - Error while reading webpage
21-Dec-22 16:33:50 - ERROR - Error while reading webpage
21-Dec-22 16:33:57 - ERROR - Error while reading webpage
21-Dec-22 16:33:58 - ERROR - Error while reading webpage
21-Dec-22 16:34:00 - ERROR - Error while reading webpage
21-Dec-22 16:34:04 - ERROR - Error while reading webpage
21-Dec-22 16:34:15 - ERROR - Error while reading webpage
21-Dec-22 16:34:15 - ERROR - Error while reading webpage
21-Dec-22 16:34:16 - ERROR - Error while reading webpage
21-Dec-22 16:34:16 - ERROR - Error while reading webpage
21-Dec-22 16:34:17 - ERROR - Error while reading webpage
21-Dec-22 16:34:18 - ERROR - Error while reading webpage
21-Dec-22 16:34:18 - ERROR - Error while reading webpage
21-Dec-22 16:34:19 - ERROR - Error while reading webpage
21-Dec-22 16:34:21 - ERROR - Error while reading webpage
21-Dec-22 16:34:23 - ERROR - Error while reading webpage
21-Dec-22 16:34:29 - ERROR - Error while reading webpage
21-Dec-22 16:34:32 - ERROR - Error while reading webpage
21-Dec-22 16:34:32 - ERROR - Error while reading webpage
21-Dec-22 16:34:33 - ERROR - Error while reading webpage
21-Dec-22 16:34:33 - ERROR - Error while reading webpage
21-Dec-22 16:34:46 - ERROR - Error while reading webpage
21-Dec-22 16:34:46 - ERROR - Error while reading webpage
21-Dec-22 16:34:46 - ERROR - Error while reading webpage
21-Dec-22 16:34:49 - ERROR - Error while reading webpage
21-Dec-22 16:34:59 - ERROR - Error while reading webpage
21-Dec-22 16:34:59 - ERROR - Error while reading webpage
21-Dec-22 16:34:59 - ERROR - Error while reading webpage
21-Dec-22 16:34:59 - ERROR - Error while reading webpage
21-Dec-22 16:34:59 - ERROR - Error while reading webpage
21-Dec-22 16:34:59 - ERROR - Error while reading webpage
21-Dec-22 16:34:59 - ERROR - Error while reading webpage
21-Dec-22 16:34:59 - ERROR - Error while reading webpage
21-Dec-22 16:34:59 - ERROR - Error while reading webpage
21-Dec-22 16:34:59 - ERROR - Error while reading webpage
21-Dec-22 16:34:59 - ERROR - Error while reading webpage
21-Dec-22 16:34:59 - ERROR - Error while reading webpage
21-Dec-22 16:34:59 - ERROR - Error while reading webpage
21-Dec-22 16:34:59 - ERROR - Error while reading webpage
21-Dec-22 16:35:01 - ERROR - Error while reading webpage
21-Dec-22 16:35:01 - ERROR - Error while reading webpage
21-Dec-22 16:35:01 - ERROR - Error while reading webpage
21-Dec-22 16:35:01 - ERROR - Error while reading webpage
21-Dec-22 16:35:01 - ERROR - Error while reading webpage
21-Dec-22 16:35:02 - INFO - Number of pages read - 689
21-Dec-22 16:35:02 - INFO - Time taken to read all the pages - 200.94223546981812 secs
21-Dec-22 16:35:02 - INFO - Data written to the JSON file
21-Dec-22 16:35:02 - INFO - Data read from file.
