18-Dec-22 15:52:20 - INFO - Log - START
18-Dec-22 15:52:20 - INFO - People grouped.
18-Dec-22 15:52:20 - INFO - CameraLens.json > JSON read
18-Dec-22 15:52:20 - INFO - CameraLens.json > Keys made
18-Dec-22 15:52:20 - INFO - CameraLens.json > JSON written
18-Dec-22 15:52:20 - INFO - Laptop.json > JSON read
18-Dec-22 15:52:20 - INFO - Laptop.json > Keys made
18-Dec-22 15:52:20 - INFO - Laptop.json > JSON written
18-Dec-22 15:52:20 - INFO - LaptopPeriferals.json > JSON read
18-Dec-22 15:52:20 - INFO - LaptopPeriferals.json > Keys made
18-Dec-22 15:52:20 - INFO - LaptopPeriferals.json > JSON written
18-Dec-22 15:52:20 - INFO - Mobile.json > JSON read
18-Dec-22 15:52:20 - INFO - Mobile.json > Keys made
18-Dec-22 15:52:20 - INFO - Mobile.json > JSON written
18-Dec-22 15:52:20 - INFO - Person.json > JSON read
18-Dec-22 15:52:20 - INFO - Person.json > Keys made
18-Dec-22 15:52:20 - INFO - Person.json > JSON written
18-Dec-22 15:52:20 - INFO - Refrigerator.json > JSON read
18-Dec-22 15:52:20 - INFO - Refrigerator.json > Keys made
18-Dec-22 15:52:20 - INFO - Refrigerator.json > JSON written
18-Dec-22 15:52:20 - INFO - Tablet.json > JSON read
18-Dec-22 15:52:20 - INFO - Tablet.json > Keys made
18-Dec-22 15:52:20 - INFO - Tablet.json > JSON written
18-Dec-22 15:52:20 - INFO - TV.json > JSON read
18-Dec-22 15:52:20 - INFO - TV.json > Keys made
18-Dec-22 15:52:21 - INFO - TV.json > JSON written
18-Dec-22 15:52:21 - INFO - WashingMachine.json > JSON read
18-Dec-22 15:52:21 - INFO - WashingMachine.json > Keys made
18-Dec-22 15:52:21 - INFO - WashingMachine.json > JSON written
18-Dec-22 15:52:21 - INFO - WearableSmartDevice.json > JSON read
18-Dec-22 15:52:21 - INFO - WearableSmartDevice.json > Keys made
18-Dec-22 15:52:21 - INFO - WearableSmartDevice.json > JSON written
18-Dec-22 15:52:21 - INFO - Creating files completed!
18-Dec-22 15:52:21 - INFO - ID(s): ['1022', '2122']
18-Dec-22 15:52:21 - INFO - Items read successfully
18-Dec-22 15:52:21 - INFO - Items written to file successfully
18-Dec-22 15:52:21 - ERROR - [Errno 2] No such file or directory: './intermediates/items_processed.json'
