23-Dec-22 16:42:40 - INFO - Log - START
23-Dec-22 16:42:40 - INFO - People grouped.
23-Dec-22 16:42:40 - INFO - CameraLens.json > JSON read
23-Dec-22 16:42:40 - INFO - CameraLens.json > Keys made
23-Dec-22 16:42:40 - INFO - CameraLens.json > JSON written
23-Dec-22 16:42:41 - INFO - Laptop.json > JSON read
23-Dec-22 16:42:41 - INFO - Laptop.json > Keys made
23-Dec-22 16:42:41 - INFO - Laptop.json > JSON written
23-Dec-22 16:42:41 - INFO - LaptopPeriferals.json > JSON read
23-Dec-22 16:42:41 - INFO - LaptopPeriferals.json > Keys made
23-Dec-22 16:42:41 - INFO - LaptopPeriferals.json > JSON written
23-Dec-22 16:42:44 - INFO - Mobile.json > JSON read
23-Dec-22 16:42:44 - INFO - Mobile.json > Keys made
23-Dec-22 16:42:44 - INFO - Mobile.json > JSON written
23-Dec-22 16:42:44 - INFO - Person.json > JSON read
23-Dec-22 16:42:44 - INFO - Person.json > Keys made
23-Dec-22 16:42:44 - INFO - Person.json > JSON written
23-Dec-22 16:42:45 - INFO - Refrigerator.json > JSON read
23-Dec-22 16:42:45 - INFO - Refrigerator.json > Keys made
23-Dec-22 16:42:46 - INFO - Refrigerator.json > JSON written
23-Dec-22 16:42:46 - INFO - Tablet.json > JSON read
23-Dec-22 16:42:46 - INFO - Tablet.json > Keys made
23-Dec-22 16:42:47 - INFO - Tablet.json > JSON written
23-Dec-22 16:42:48 - INFO - TV.json > JSON read
23-Dec-22 16:42:48 - INFO - TV.json > Keys made
23-Dec-22 16:42:48 - INFO - TV.json > JSON written
23-Dec-22 16:42:49 - INFO - WashingMachine.json > JSON read
23-Dec-22 16:42:49 - INFO - WashingMachine.json > Keys made
23-Dec-22 16:42:49 - INFO - WashingMachine.json > JSON written
23-Dec-22 16:42:49 - INFO - WearableSmartDevice.json > JSON read
23-Dec-22 16:42:49 - INFO - WearableSmartDevice.json > Keys made
23-Dec-22 16:42:50 - INFO - WearableSmartDevice.json > JSON written
23-Dec-22 16:42:50 - INFO - Creating files completed!
23-Dec-22 16:42:50 - INFO - ID(s): ['3213', '1915']
23-Dec-22 16:42:50 - INFO - Fetching data from WiKi
23-Dec-22 16:42:50 - INFO - Items read successfully
23-Dec-22 16:45:40 - INFO - Item 1915 WiKi data written to JSON!
23-Dec-22 16:46:18 - INFO - Item 3213 WiKi data written to JSON!
23-Dec-22 16:46:18 - INFO - Data fetched from WiKi
23-Dec-22 16:46:18 - INFO - Items read successfully
23-Dec-22 16:46:18 - INFO - Items written to file successfully
23-Dec-22 16:48:10 - INFO - Links fetched
23-Dec-22 16:48:10 - INFO - Links dumped to file
23-Dec-22 16:48:10 - INFO - Links read from file.
23-Dec-22 16:48:13 - ERROR - Error while reading webpage
23-Dec-22 16:48:15 - ERROR - Error while reading webpage
23-Dec-22 16:48:15 - ERROR - Error while reading webpage
23-Dec-22 16:48:18 - ERROR - Error while reading webpage
23-Dec-22 16:48:20 - ERROR - Error while reading webpage
23-Dec-22 16:48:22 - ERROR - Error while reading webpage
23-Dec-22 16:48:23 - ERROR - Error while reading webpage
23-Dec-22 16:48:27 - ERROR - Error while reading webpage
23-Dec-22 16:48:34 - ERROR - Error while reading webpage
23-Dec-22 16:48:35 - ERROR - Error while reading webpage
23-Dec-22 16:48:36 - ERROR - Error while reading webpage
23-Dec-22 16:48:37 - ERROR - Error while reading webpage
23-Dec-22 16:48:38 - ERROR - Error while reading webpage
23-Dec-22 16:48:39 - ERROR - Error while reading webpage
23-Dec-22 16:48:39 - ERROR - Error while reading webpage
23-Dec-22 16:48:39 - ERROR - Error while reading webpage
23-Dec-22 16:48:40 - ERROR - Error while reading webpage
23-Dec-22 16:48:42 - ERROR - Error while reading webpage
23-Dec-22 16:48:43 - ERROR - Error while reading webpage
23-Dec-22 16:48:43 - ERROR - Error while reading webpage
23-Dec-22 16:48:44 - ERROR - Error while reading webpage
23-Dec-22 16:48:44 - ERROR - Error while reading webpage
23-Dec-22 16:48:45 - ERROR - Error while reading webpage
23-Dec-22 16:48:46 - ERROR - Error while reading webpage
23-Dec-22 16:48:47 - ERROR - Error while reading webpage
23-Dec-22 16:48:47 - ERROR - Error while reading webpage
23-Dec-22 16:48:48 - ERROR - Error while reading webpage
23-Dec-22 16:49:00 - ERROR - Error while reading webpage
23-Dec-22 16:49:01 - ERROR - Error while reading webpage
23-Dec-22 16:49:03 - ERROR - Error while reading webpage
23-Dec-22 16:49:06 - ERROR - Error while reading webpage
23-Dec-22 16:49:07 - ERROR - Error while reading webpage
23-Dec-22 16:49:08 - ERROR - Error while reading webpage
23-Dec-22 16:49:13 - ERROR - Error while reading webpage
23-Dec-22 16:49:28 - ERROR - Error while reading webpage
23-Dec-22 16:49:38 - ERROR - Error while reading webpage
23-Dec-22 16:49:38 - INFO - Number of pages read - 400
23-Dec-22 16:49:38 - INFO - Time taken to read all the pages - 88.07963418960571 secs
23-Dec-22 16:49:38 - INFO - Data written to the JSON file
23-Dec-22 16:49:38 - INFO - Data read from file.
23-Dec-22 16:50:33 - INFO - Weights assigned.
23-Dec-22 16:50:35 - INFO - Text from links processed.
23-Dec-22 16:50:35 - INFO - >> https://www.gsmarena.com/glossary.php3?term=secondary-camera - 303
23-Dec-22 16:50:36 - INFO - >> https://www.singers.com/lists/performers-male-solo-songbooks/ - 137
23-Dec-22 16:50:36 - INFO - >> https://www.billboard.com/music/awards/grammy-nominations-2022-full-list-1235001871/ - 116
23-Dec-22 16:50:36 - INFO - >> https://www.forbes.com/sites/forbes-personal-shopper/2022/06/21/best-point-and-shoot-cameras/ - 114
23-Dec-22 16:50:36 - INFO - >> https://ultimatepopculture.fandom.com/wiki/Ed_Sheeran - 110
23-Dec-22 16:50:36 - INFO - >> https://kids.kiddle.co/Ed_Sheeran - 108
23-Dec-22 16:50:36 - INFO - >> https://thelistacademy.com/en/list/best-rappers/ - 96
23-Dec-22 16:50:36 - INFO - >> https://www.imdb.com/list/ls006778870/ - 89
23-Dec-22 16:50:36 - INFO - >> https://www.imdb.com/list/ls000025882/ - 82
23-Dec-22 16:50:36 - INFO - >> https://www.projectorcentral.com/projector-contrast-ratio.htm - 77
23-Dec-22 16:50:36 - INFO - Seed URL match:['Emoji', 'Frequency', 'Camera', 'Construction', 'QWERTY', 'Smartphone', 'Film', 'Book', 'Brand', 'Loudspeaker', 'LED', 'Radio', 'Image', 'Facebook', 'Byte', 'YouTube', 'Life', 'Definition', 'MIDI', 'Broadcasting', 'Navigation', 'Email', 'Internet']
23-Dec-22 16:50:36 - INFO - Log - END
