21-Dec-22 16:16:51 - INFO - Log - START
21-Dec-22 16:16:51 - INFO - People grouped.
21-Dec-22 16:16:51 - INFO - CameraLens.json > JSON read
21-Dec-22 16:16:51 - INFO - CameraLens.json > Keys made
21-Dec-22 16:16:51 - INFO - CameraLens.json > JSON written
21-Dec-22 16:16:51 - INFO - Laptop.json > JSON read
21-Dec-22 16:16:51 - INFO - Laptop.json > Keys made
21-Dec-22 16:16:51 - INFO - Laptop.json > JSON written
21-Dec-22 16:16:51 - INFO - LaptopPeriferals.json > JSON read
21-Dec-22 16:16:51 - INFO - LaptopPeriferals.json > Keys made
21-Dec-22 16:16:51 - INFO - LaptopPeriferals.json > JSON written
21-Dec-22 16:16:51 - INFO - Mobile.json > JSON read
21-Dec-22 16:16:51 - INFO - Mobile.json > Keys made
21-Dec-22 16:16:51 - INFO - Mobile.json > JSON written
21-Dec-22 16:16:51 - INFO - Person.json > JSON read
21-Dec-22 16:16:51 - INFO - Person.json > Keys made
21-Dec-22 16:16:51 - INFO - Person.json > JSON written
21-Dec-22 16:16:51 - INFO - Refrigerator.json > JSON read
21-Dec-22 16:16:51 - INFO - Refrigerator.json > Keys made
21-Dec-22 16:16:51 - INFO - Refrigerator.json > JSON written
21-Dec-22 16:16:51 - INFO - Tablet.json > JSON read
21-Dec-22 16:16:51 - INFO - Tablet.json > Keys made
21-Dec-22 16:16:51 - INFO - Tablet.json > JSON written
21-Dec-22 16:16:51 - INFO - TV.json > JSON read
21-Dec-22 16:16:51 - INFO - TV.json > Keys made
21-Dec-22 16:16:52 - INFO - TV.json > JSON written
21-Dec-22 16:16:52 - INFO - WashingMachine.json > JSON read
21-Dec-22 16:16:52 - INFO - WashingMachine.json > Keys made
21-Dec-22 16:16:52 - INFO - WashingMachine.json > JSON written
21-Dec-22 16:16:52 - INFO - WearableSmartDevice.json > JSON read
21-Dec-22 16:16:52 - INFO - WearableSmartDevice.json > Keys made
21-Dec-22 16:16:52 - INFO - WearableSmartDevice.json > JSON written
21-Dec-22 16:16:52 - INFO - Creating files completed!
21-Dec-22 16:16:52 - INFO - ID(s): ['3219', '1001']
21-Dec-22 16:16:52 - INFO - Items read successfully
21-Dec-22 16:16:52 - INFO - Items written to file successfully
21-Dec-22 16:22:33 - INFO - Links fetched
21-Dec-22 16:22:33 - INFO - Links dumped to file
21-Dec-22 16:22:33 - INFO - Links read from file.
21-Dec-22 16:22:33 - ERROR - Error while reading webpage
21-Dec-22 16:22:42 - ERROR - Error while reading webpage
21-Dec-22 16:22:43 - ERROR - Error while reading webpage
21-Dec-22 16:22:55 - ERROR - Error while reading webpage
21-Dec-22 16:22:57 - ERROR - Error while reading webpage
21-Dec-22 16:23:04 - ERROR - Error while reading webpage
21-Dec-22 16:23:22 - ERROR - Error while reading webpage
21-Dec-22 16:23:22 - ERROR - Error while reading webpage
21-Dec-22 16:23:23 - ERROR - Error while reading webpage
21-Dec-22 16:23:24 - ERROR - Error while reading webpage
21-Dec-22 16:23:25 - ERROR - Error while reading webpage
21-Dec-22 16:23:25 - ERROR - Error while reading webpage
21-Dec-22 16:23:26 - ERROR - Error while reading webpage
21-Dec-22 16:23:26 - ERROR - Error while reading webpage
21-Dec-22 16:23:26 - ERROR - Error while reading webpage
21-Dec-22 16:23:27 - ERROR - Error while reading webpage
21-Dec-22 16:23:34 - ERROR - Error while reading webpage
21-Dec-22 16:23:35 - ERROR - Error while reading webpage
21-Dec-22 16:23:38 - ERROR - Error while reading webpage
21-Dec-22 16:23:39 - ERROR - Error while reading webpage
21-Dec-22 16:23:40 - ERROR - Error while reading webpage
21-Dec-22 16:23:41 - ERROR - Error while reading webpage
21-Dec-22 16:23:46 - ERROR - Error while reading webpage
21-Dec-22 16:23:48 - ERROR - Error while reading webpage
21-Dec-22 16:23:51 - ERROR - Error while reading webpage
21-Dec-22 16:23:53 - ERROR - Error while reading webpage
21-Dec-22 16:23:58 - ERROR - Error while reading webpage
21-Dec-22 16:23:58 - ERROR - Error while reading webpage
21-Dec-22 16:23:59 - ERROR - Error while reading webpage
21-Dec-22 16:24:00 - ERROR - Error while reading webpage
21-Dec-22 16:24:06 - ERROR - Error while reading webpage
21-Dec-22 16:24:09 - ERROR - Error while reading webpage
21-Dec-22 16:24:12 - ERROR - Error while reading webpage
21-Dec-22 16:24:16 - ERROR - Error while reading webpage
21-Dec-22 16:24:18 - ERROR - Error while reading webpage
21-Dec-22 16:24:18 - ERROR - Error while reading webpage
21-Dec-22 16:24:18 - ERROR - Error while reading webpage
21-Dec-22 16:24:19 - ERROR - Error while reading webpage
21-Dec-22 16:24:19 - ERROR - Error while reading webpage
21-Dec-22 16:24:20 - ERROR - Error while reading webpage
21-Dec-22 16:24:21 - ERROR - Error while reading webpage
21-Dec-22 16:24:21 - ERROR - Error while reading webpage
21-Dec-22 16:24:24 - ERROR - Error while reading webpage
21-Dec-22 16:24:29 - ERROR - Error while reading webpage
21-Dec-22 16:24:30 - ERROR - Error while reading webpage
21-Dec-22 16:24:31 - ERROR - Error while reading webpage
21-Dec-22 16:24:34 - ERROR - Error while reading webpage
21-Dec-22 16:24:36 - ERROR - Error while reading webpage
21-Dec-22 16:24:37 - ERROR - Error while reading webpage
21-Dec-22 16:24:42 - ERROR - Error while reading webpage
21-Dec-22 16:24:44 - ERROR - Error while reading webpage
21-Dec-22 16:24:44 - ERROR - Error while reading webpage
21-Dec-22 16:24:47 - ERROR - Error while reading webpage
21-Dec-22 16:24:47 - ERROR - Error while reading webpage
21-Dec-22 16:24:48 - ERROR - Error while reading webpage
21-Dec-22 16:24:49 - ERROR - Error while reading webpage
21-Dec-22 16:24:51 - ERROR - Error while reading webpage
21-Dec-22 16:24:51 - ERROR - Error while reading webpage
21-Dec-22 16:24:52 - ERROR - Error while reading webpage
21-Dec-22 16:24:57 - ERROR - Error while reading webpage
21-Dec-22 16:25:01 - ERROR - Error while reading webpage
21-Dec-22 16:25:01 - ERROR - Error while reading webpage
21-Dec-22 16:25:03 - ERROR - Error while reading webpage
21-Dec-22 16:25:03 - ERROR - Error while reading webpage
21-Dec-22 16:25:03 - ERROR - Error while reading webpage
21-Dec-22 16:25:05 - ERROR - Error while reading webpage
21-Dec-22 16:25:05 - ERROR - Error while reading webpage
21-Dec-22 16:25:07 - ERROR - Error while reading webpage
21-Dec-22 16:25:07 - ERROR - Error while reading webpage
21-Dec-22 16:25:09 - ERROR - Error while reading webpage
21-Dec-22 16:25:12 - ERROR - Error while reading webpage
21-Dec-22 16:25:12 - ERROR - Error while reading webpage
21-Dec-22 16:25:16 - ERROR - Error while reading webpage
21-Dec-22 16:25:17 - ERROR - Error while reading webpage
21-Dec-22 16:25:17 - ERROR - Error while reading webpage
21-Dec-22 16:25:23 - ERROR - Error while reading webpage
21-Dec-22 16:25:23 - ERROR - Error while reading webpage
21-Dec-22 16:25:23 - ERROR - Error while reading webpage
21-Dec-22 16:25:25 - ERROR - Error while reading webpage
21-Dec-22 16:25:29 - ERROR - Error while reading webpage
21-Dec-22 16:25:30 - ERROR - Error while reading webpage
21-Dec-22 16:25:30 - ERROR - Error while reading webpage
21-Dec-22 16:25:31 - ERROR - Error while reading webpage
21-Dec-22 16:25:32 - ERROR - Error while reading webpage
21-Dec-22 16:25:32 - ERROR - Error while reading webpage
21-Dec-22 16:25:35 - ERROR - Error while reading webpage
21-Dec-22 16:25:39 - ERROR - Error while reading webpage
21-Dec-22 16:25:39 - ERROR - Error while reading webpage
21-Dec-22 16:25:40 - ERROR - Error while reading webpage
21-Dec-22 16:25:51 - ERROR - Error while reading webpage
21-Dec-22 16:25:52 - ERROR - Error while reading webpage
21-Dec-22 16:26:02 - ERROR - Error while reading webpage
21-Dec-22 16:26:02 - ERROR - Error while reading webpage
21-Dec-22 16:26:03 - ERROR - Error while reading webpage
21-Dec-22 16:26:04 - ERROR - Error while reading webpage
21-Dec-22 16:26:04 - ERROR - Error while reading webpage
21-Dec-22 16:26:04 - ERROR - Error while reading webpage
21-Dec-22 16:26:04 - ERROR - Error while reading webpage
21-Dec-22 16:26:04 - ERROR - Error while reading webpage
21-Dec-22 16:26:05 - ERROR - Error while reading webpage
21-Dec-22 16:26:05 - ERROR - Error while reading webpage
21-Dec-22 16:26:05 - ERROR - Error while reading webpage
21-Dec-22 16:26:05 - ERROR - Error while reading webpage
21-Dec-22 16:26:11 - ERROR - Error while reading webpage
21-Dec-22 16:26:11 - ERROR - Error while reading webpage
21-Dec-22 16:26:11 - ERROR - Error while reading webpage
21-Dec-22 16:26:12 - ERROR - Error while reading webpage
21-Dec-22 16:26:12 - ERROR - Error while reading webpage
21-Dec-22 16:26:14 - ERROR - Error while reading webpage
21-Dec-22 16:26:16 - ERROR - Error while reading webpage
21-Dec-22 16:26:16 - ERROR - Error while reading webpage
21-Dec-22 16:26:16 - ERROR - Error while reading webpage
21-Dec-22 16:26:16 - ERROR - Error while reading webpage
21-Dec-22 16:26:16 - ERROR - Error while reading webpage
21-Dec-22 16:26:16 - ERROR - Error while reading webpage
21-Dec-22 16:26:16 - ERROR - Error while reading webpage
21-Dec-22 16:26:17 - ERROR - Error while reading webpage
21-Dec-22 16:26:21 - ERROR - Error while reading webpage
21-Dec-22 16:26:21 - ERROR - Error while reading webpage
21-Dec-22 16:26:21 - ERROR - Error while reading webpage
21-Dec-22 16:26:22 - ERROR - Error while reading webpage
21-Dec-22 16:26:22 - ERROR - Error while reading webpage
21-Dec-22 16:26:26 - ERROR - Error while reading webpage
21-Dec-22 16:26:32 - ERROR - Error while reading webpage
21-Dec-22 16:26:32 - ERROR - Error while reading webpage
21-Dec-22 16:26:36 - ERROR - Error while reading webpage
21-Dec-22 16:26:37 - ERROR - Error while reading webpage
21-Dec-22 16:26:38 - ERROR - Error while reading webpage
21-Dec-22 16:26:38 - ERROR - Error while reading webpage
21-Dec-22 16:26:38 - ERROR - Error while reading webpage
21-Dec-22 16:26:38 - ERROR - Error while reading webpage
21-Dec-22 16:26:39 - ERROR - Error while reading webpage
21-Dec-22 16:26:39 - ERROR - Error while reading webpage
21-Dec-22 16:26:39 - ERROR - Error while reading webpage
21-Dec-22 16:26:54 - ERROR - Error while reading webpage
21-Dec-22 16:27:12 - ERROR - Error while reading webpage
21-Dec-22 16:27:12 - INFO - Number of pages read - 991
21-Dec-22 16:27:12 - INFO - Time taken to read all the pages - 279.07672691345215 secs
21-Dec-22 16:27:12 - INFO - Data written to the JSON file
21-Dec-22 16:27:12 - INFO - Data read from file.
