21-Dec-22 19:04:38 - INFO - Log - START
21-Dec-22 19:04:38 - INFO - People grouped.
21-Dec-22 19:04:38 - INFO - CameraLens.json > JSON read
21-Dec-22 19:04:38 - INFO - CameraLens.json > Keys made
21-Dec-22 19:04:38 - INFO - CameraLens.json > JSON written
21-Dec-22 19:04:38 - INFO - Laptop.json > JSON read
21-Dec-22 19:04:38 - INFO - Laptop.json > Keys made
21-Dec-22 19:04:38 - INFO - Laptop.json > JSON written
21-Dec-22 19:04:38 - INFO - LaptopPeriferals.json > JSON read
21-Dec-22 19:04:38 - INFO - LaptopPeriferals.json > Keys made
21-Dec-22 19:04:38 - INFO - LaptopPeriferals.json > JSON written
21-Dec-22 19:04:38 - INFO - Mobile.json > JSON read
21-Dec-22 19:04:38 - INFO - Mobile.json > Keys made
21-Dec-22 19:04:38 - INFO - Mobile.json > JSON written
21-Dec-22 19:04:38 - INFO - Person.json > JSON read
21-Dec-22 19:04:38 - INFO - Person.json > Keys made
21-Dec-22 19:04:38 - INFO - Person.json > JSON written
21-Dec-22 19:04:38 - INFO - Refrigerator.json > JSON read
21-Dec-22 19:04:38 - INFO - Refrigerator.json > Keys made
21-Dec-22 19:04:38 - INFO - Refrigerator.json > JSON written
21-Dec-22 19:04:38 - INFO - Tablet.json > JSON read
21-Dec-22 19:04:38 - INFO - Tablet.json > Keys made
21-Dec-22 19:04:39 - INFO - Tablet.json > JSON written
21-Dec-22 19:04:39 - INFO - TV.json > JSON read
21-Dec-22 19:04:39 - INFO - TV.json > Keys made
21-Dec-22 19:04:39 - INFO - TV.json > JSON written
21-Dec-22 19:04:39 - INFO - WashingMachine.json > JSON read
21-Dec-22 19:04:39 - INFO - WashingMachine.json > Keys made
21-Dec-22 19:04:39 - INFO - WashingMachine.json > JSON written
21-Dec-22 19:04:39 - INFO - WearableSmartDevice.json > JSON read
21-Dec-22 19:04:39 - INFO - WearableSmartDevice.json > Keys made
21-Dec-22 19:04:39 - INFO - WearableSmartDevice.json > JSON written
21-Dec-22 19:04:39 - INFO - Creating files completed!
21-Dec-22 19:04:39 - INFO - ID(s): ['3214', '1010']
21-Dec-22 19:04:39 - INFO - Fetching data from WiKi
21-Dec-22 19:04:39 - INFO - Items read successfully
21-Dec-22 19:05:15 - INFO - Item 3214 WiKi data written to JSON!
21-Dec-22 19:05:15 - INFO - Data fetched from WiKi
21-Dec-22 19:05:15 - INFO - Items read successfully
21-Dec-22 19:05:15 - INFO - Items written to file successfully
21-Dec-22 19:05:15 - INFO - Links fetched
21-Dec-22 19:05:15 - INFO - Links dumped to file
21-Dec-22 19:05:15 - INFO - Links read from file.
21-Dec-22 19:05:15 - INFO - Number of pages read - 0
21-Dec-22 19:05:15 - INFO - Time taken to read all the pages - 0.003201723098754883 secs
21-Dec-22 19:05:15 - INFO - Data written to the JSON file
21-Dec-22 19:05:15 - INFO - Data read from file.
21-Dec-22 19:05:15 - INFO - Weights assigned.
21-Dec-22 19:05:15 - INFO - Text from links processed.
