18-Dec-22 12:05:48 - INFO - Log - START
18-Dec-22 12:05:48 - INFO - People grouped.
18-Dec-22 12:05:48 - INFO - CameraLens.json > JSON read
18-Dec-22 12:05:48 - INFO - CameraLens.json > Keys made
18-Dec-22 12:05:48 - INFO - CameraLens.json > JSON written
18-Dec-22 12:05:48 - INFO - Laptop.json > JSON read
18-Dec-22 12:05:48 - INFO - Laptop.json > Keys made
18-Dec-22 12:05:48 - INFO - Laptop.json > JSON written
18-Dec-22 12:05:48 - INFO - LaptopPeriferals.json > JSON read
18-Dec-22 12:05:48 - INFO - LaptopPeriferals.json > Keys made
18-Dec-22 12:05:48 - INFO - LaptopPeriferals.json > JSON written
18-Dec-22 12:05:48 - INFO - Mobile.json > JSON read
18-Dec-22 12:05:48 - INFO - Mobile.json > Keys made
18-Dec-22 12:05:48 - INFO - Mobile.json > JSON written
18-Dec-22 12:05:48 - INFO - Person.json > JSON read
18-Dec-22 12:05:48 - INFO - Person.json > Keys made
18-Dec-22 12:05:48 - INFO - Person.json > JSON written
18-Dec-22 12:05:48 - INFO - Refrigerator.json > JSON read
18-Dec-22 12:05:48 - INFO - Refrigerator.json > Keys made
18-Dec-22 12:05:48 - INFO - Refrigerator.json > JSON written
18-Dec-22 12:05:49 - INFO - Tablet.json > JSON read
18-Dec-22 12:05:49 - INFO - Tablet.json > Keys made
18-Dec-22 12:05:49 - INFO - Tablet.json > JSON written
18-Dec-22 12:05:49 - INFO - TV.json > JSON read
18-Dec-22 12:05:49 - INFO - TV.json > Keys made
18-Dec-22 12:05:49 - INFO - TV.json > JSON written
18-Dec-22 12:05:49 - INFO - WashingMachine.json > JSON read
18-Dec-22 12:05:49 - INFO - WashingMachine.json > Keys made
18-Dec-22 12:05:49 - INFO - WashingMachine.json > JSON written
18-Dec-22 12:05:49 - INFO - WearableSmartDevice.json > JSON read
18-Dec-22 12:05:49 - INFO - WearableSmartDevice.json > Keys made
18-Dec-22 12:05:49 - INFO - WearableSmartDevice.json > JSON written
18-Dec-22 12:05:49 - INFO - Creating files completed!
18-Dec-22 12:05:49 - INFO - ID(s): ['1234', '234']
18-Dec-22 12:05:49 - INFO - Headers read from file
18-Dec-22 12:05:49 - INFO - Log - END
