18-Dec-22 19:16:36 - INFO - Log - START
18-Dec-22 19:16:36 - INFO - People grouped.
18-Dec-22 19:16:36 - INFO - CameraLens.json > JSON read
18-Dec-22 19:16:36 - INFO - CameraLens.json > Keys made
18-Dec-22 19:16:36 - INFO - CameraLens.json > JSON written
18-Dec-22 19:16:36 - INFO - Laptop.json > JSON read
18-Dec-22 19:16:36 - INFO - Laptop.json > Keys made
18-Dec-22 19:16:36 - INFO - Laptop.json > JSON written
18-Dec-22 19:16:36 - INFO - LaptopPeriferals.json > JSON read
18-Dec-22 19:16:36 - INFO - LaptopPeriferals.json > Keys made
18-Dec-22 19:16:36 - INFO - LaptopPeriferals.json > JSON written
18-Dec-22 19:16:36 - INFO - Mobile.json > JSON read
18-Dec-22 19:16:36 - INFO - Mobile.json > Keys made
18-Dec-22 19:16:36 - INFO - Mobile.json > JSON written
18-Dec-22 19:16:36 - INFO - Person.json > JSON read
18-Dec-22 19:16:36 - INFO - Person.json > Keys made
18-Dec-22 19:16:36 - INFO - Person.json > JSON written
18-Dec-22 19:16:36 - INFO - Refrigerator.json > JSON read
18-Dec-22 19:16:36 - INFO - Refrigerator.json > Keys made
18-Dec-22 19:16:36 - INFO - Refrigerator.json > JSON written
18-Dec-22 19:16:36 - INFO - Tablet.json > JSON read
18-Dec-22 19:16:36 - INFO - Tablet.json > Keys made
18-Dec-22 19:16:36 - INFO - Tablet.json > JSON written
18-Dec-22 19:16:36 - INFO - TV.json > JSON read
18-Dec-22 19:16:36 - INFO - TV.json > Keys made
18-Dec-22 19:16:36 - INFO - TV.json > JSON written
18-Dec-22 19:16:36 - INFO - WashingMachine.json > JSON read
18-Dec-22 19:16:36 - INFO - WashingMachine.json > Keys made
18-Dec-22 19:16:36 - INFO - WashingMachine.json > JSON written
18-Dec-22 19:16:36 - INFO - WearableSmartDevice.json > JSON read
18-Dec-22 19:16:36 - INFO - WearableSmartDevice.json > Keys made
18-Dec-22 19:16:37 - INFO - WearableSmartDevice.json > JSON written
18-Dec-22 19:16:37 - INFO - Creating files completed!
18-Dec-22 19:16:37 - INFO - ID(s): ['1010', '3124']
18-Dec-22 19:16:37 - INFO - Items read successfully
18-Dec-22 19:16:37 - INFO - Items written to file successfully
18-Dec-22 19:17:51 - INFO - Links fetched
18-Dec-22 19:17:51 - INFO - Links dumped to file
18-Dec-22 19:17:51 - INFO - Log - END
