22-Dec-22 00:42:23 - INFO - Log - START
22-Dec-22 00:42:23 - INFO - People grouped.
22-Dec-22 00:42:23 - INFO - CameraLens.json > JSON read
22-Dec-22 00:42:23 - INFO - CameraLens.json > Keys made
22-Dec-22 00:42:23 - INFO - CameraLens.json > JSON written
22-Dec-22 00:42:23 - INFO - Laptop.json > JSON read
22-Dec-22 00:42:23 - INFO - Laptop.json > Keys made
22-Dec-22 00:42:23 - INFO - Laptop.json > JSON written
22-Dec-22 00:42:23 - INFO - LaptopPeriferals.json > JSON read
22-Dec-22 00:42:23 - INFO - LaptopPeriferals.json > Keys made
22-Dec-22 00:42:23 - INFO - LaptopPeriferals.json > JSON written
22-Dec-22 00:42:24 - INFO - Mobile.json > JSON read
22-Dec-22 00:42:24 - INFO - Mobile.json > Keys made
22-Dec-22 00:42:24 - INFO - Mobile.json > JSON written
22-Dec-22 00:42:24 - INFO - Person.json > JSON read
22-Dec-22 00:42:24 - INFO - Person.json > Keys made
22-Dec-22 00:42:24 - INFO - Person.json > JSON written
22-Dec-22 00:42:24 - INFO - Refrigerator.json > JSON read
22-Dec-22 00:42:24 - INFO - Refrigerator.json > Keys made
22-Dec-22 00:42:24 - INFO - Refrigerator.json > JSON written
22-Dec-22 00:42:24 - INFO - Tablet.json > JSON read
22-Dec-22 00:42:24 - INFO - Tablet.json > Keys made
22-Dec-22 00:42:24 - INFO - Tablet.json > JSON written
22-Dec-22 00:42:24 - INFO - TV.json > JSON read
22-Dec-22 00:42:24 - INFO - TV.json > Keys made
22-Dec-22 00:42:24 - INFO - TV.json > JSON written
22-Dec-22 00:42:24 - INFO - WashingMachine.json > JSON read
22-Dec-22 00:42:24 - INFO - WashingMachine.json > Keys made
22-Dec-22 00:42:24 - INFO - WashingMachine.json > JSON written
22-Dec-22 00:42:24 - INFO - WearableSmartDevice.json > JSON read
22-Dec-22 00:42:24 - INFO - WearableSmartDevice.json > Keys made
22-Dec-22 00:42:24 - INFO - WearableSmartDevice.json > JSON written
22-Dec-22 00:42:24 - INFO - Creating files completed!
22-Dec-22 00:42:24 - INFO - ID(s): ['1020', '3198']
22-Dec-22 00:42:24 - INFO - Fetching data from WiKi
22-Dec-22 00:42:24 - INFO - Items read successfully
