21-Dec-22 16:02:57 - INFO - Log - START
21-Dec-22 16:02:57 - INFO - People grouped.
21-Dec-22 16:02:57 - INFO - CameraLens.json > JSON read
21-Dec-22 16:02:57 - INFO - CameraLens.json > Keys made
21-Dec-22 16:02:57 - INFO - CameraLens.json > JSON written
21-Dec-22 16:02:57 - INFO - Laptop.json > JSON read
21-Dec-22 16:02:57 - INFO - Laptop.json > Keys made
21-Dec-22 16:02:57 - INFO - Laptop.json > JSON written
21-Dec-22 16:02:57 - INFO - LaptopPeriferals.json > JSON read
21-Dec-22 16:02:57 - INFO - LaptopPeriferals.json > Keys made
21-Dec-22 16:02:57 - INFO - LaptopPeriferals.json > JSON written
21-Dec-22 16:02:57 - INFO - Mobile.json > JSON read
21-Dec-22 16:02:57 - INFO - Mobile.json > Keys made
21-Dec-22 16:02:58 - INFO - Mobile.json > JSON written
21-Dec-22 16:02:58 - INFO - Person.json > JSON read
21-Dec-22 16:02:58 - INFO - Person.json > Keys made
21-Dec-22 16:02:58 - INFO - Person.json > JSON written
21-Dec-22 16:02:58 - INFO - Refrigerator.json > JSON read
21-Dec-22 16:02:58 - INFO - Refrigerator.json > Keys made
21-Dec-22 16:02:58 - INFO - Refrigerator.json > JSON written
21-Dec-22 16:02:58 - INFO - Tablet.json > JSON read
21-Dec-22 16:02:58 - INFO - Tablet.json > Keys made
21-Dec-22 16:02:58 - INFO - Tablet.json > JSON written
21-Dec-22 16:02:58 - INFO - TV.json > JSON read
21-Dec-22 16:02:58 - INFO - TV.json > Keys made
21-Dec-22 16:02:58 - INFO - TV.json > JSON written
21-Dec-22 16:02:58 - INFO - WashingMachine.json > JSON read
21-Dec-22 16:02:58 - INFO - WashingMachine.json > Keys made
21-Dec-22 16:02:58 - INFO - WashingMachine.json > JSON written
21-Dec-22 16:02:58 - INFO - WearableSmartDevice.json > JSON read
21-Dec-22 16:02:58 - INFO - WearableSmartDevice.json > Keys made
21-Dec-22 16:02:58 - INFO - WearableSmartDevice.json > JSON written
21-Dec-22 16:02:58 - INFO - Creating files completed!
21-Dec-22 16:02:58 - INFO - ID(s): ['3219', '1001']
21-Dec-22 16:02:58 - INFO - Items read successfully
21-Dec-22 16:02:58 - INFO - Items written to file successfully
21-Dec-22 16:08:39 - INFO - Links fetched
21-Dec-22 16:08:39 - INFO - Links dumped to file
21-Dec-22 16:08:39 - INFO - Links read from file.
21-Dec-22 16:08:43 - ERROR - Error while reading webpage
21-Dec-22 16:08:45 - ERROR - Error while reading webpage
21-Dec-22 16:08:45 - ERROR - Error while reading webpage
21-Dec-22 16:08:48 - ERROR - Error while reading webpage
21-Dec-22 16:08:49 - ERROR - Error while reading webpage
21-Dec-22 16:08:49 - ERROR - Error while reading webpage
21-Dec-22 16:08:53 - ERROR - Error while reading webpage
21-Dec-22 16:08:53 - ERROR - Error while reading webpage
21-Dec-22 16:09:03 - ERROR - Error while reading webpage
21-Dec-22 16:09:03 - ERROR - Error while reading webpage
21-Dec-22 16:09:06 - ERROR - Error while reading webpage
21-Dec-22 16:09:13 - ERROR - Error while reading webpage
21-Dec-22 16:09:22 - ERROR - Error while reading webpage
21-Dec-22 16:09:23 - ERROR - Error while reading webpage
21-Dec-22 16:09:23 - ERROR - Error while reading webpage
21-Dec-22 16:09:23 - ERROR - Error while reading webpage
21-Dec-22 16:09:36 - ERROR - Error while reading webpage
21-Dec-22 16:09:41 - ERROR - Error while reading webpage
21-Dec-22 16:09:42 - ERROR - Error while reading webpage
21-Dec-22 16:09:44 - ERROR - Error while reading webpage
21-Dec-22 16:09:48 - ERROR - Error while reading webpage
21-Dec-22 16:09:52 - ERROR - Error while reading webpage
21-Dec-22 16:09:55 - ERROR - Error while reading webpage
21-Dec-22 16:10:02 - ERROR - Error while reading webpage
21-Dec-22 16:10:03 - ERROR - Error while reading webpage
21-Dec-22 16:10:08 - ERROR - Error while reading webpage
21-Dec-22 16:10:19 - ERROR - Error while reading webpage
21-Dec-22 16:10:20 - ERROR - Error while reading webpage
21-Dec-22 16:10:25 - ERROR - Error while reading webpage
21-Dec-22 16:10:43 - ERROR - Error while reading webpage
21-Dec-22 16:10:43 - ERROR - Error while reading webpage
21-Dec-22 16:10:43 - ERROR - Error while reading webpage
21-Dec-22 16:10:43 - ERROR - Error while reading webpage
21-Dec-22 16:10:43 - ERROR - Error while reading webpage
21-Dec-22 16:10:43 - ERROR - Error while reading webpage
21-Dec-22 16:10:45 - ERROR - Error while reading webpage
21-Dec-22 16:10:45 - ERROR - Error while reading webpage
21-Dec-22 16:10:46 - ERROR - Error while reading webpage
21-Dec-22 16:10:47 - ERROR - Error while reading webpage
21-Dec-22 16:10:47 - ERROR - Error while reading webpage
21-Dec-22 16:10:48 - ERROR - Error while reading webpage
21-Dec-22 16:10:50 - ERROR - Error while reading webpage
21-Dec-22 16:10:50 - ERROR - Error while reading webpage
21-Dec-22 16:10:50 - ERROR - Error while reading webpage
21-Dec-22 16:10:54 - ERROR - Error while reading webpage
21-Dec-22 16:10:59 - ERROR - Error while reading webpage
21-Dec-22 16:11:00 - ERROR - Error while reading webpage
21-Dec-22 16:11:09 - ERROR - Error while reading webpage
21-Dec-22 16:11:09 - ERROR - Error while reading webpage
21-Dec-22 16:11:10 - ERROR - Error while reading webpage
21-Dec-22 16:11:15 - ERROR - Error while reading webpage
21-Dec-22 16:11:23 - ERROR - Error while reading webpage
21-Dec-22 16:11:24 - ERROR - Error while reading webpage
21-Dec-22 16:11:25 - ERROR - Error while reading webpage
21-Dec-22 16:11:25 - ERROR - Error while reading webpage
21-Dec-22 16:11:28 - ERROR - Error while reading webpage
21-Dec-22 16:11:30 - ERROR - Error while reading webpage
21-Dec-22 16:11:46 - ERROR - Error while reading webpage
21-Dec-22 16:11:48 - ERROR - Error while reading webpage
21-Dec-22 16:11:49 - ERROR - Error while reading webpage
21-Dec-22 16:11:54 - ERROR - Error while reading webpage
21-Dec-22 16:11:54 - ERROR - Error while reading webpage
21-Dec-22 16:11:59 - ERROR - Error while reading webpage
21-Dec-22 16:12:01 - ERROR - Error while reading webpage
21-Dec-22 16:12:02 - ERROR - Error while reading webpage
21-Dec-22 16:12:11 - ERROR - Error while reading webpage
21-Dec-22 16:12:12 - ERROR - Error while reading webpage
21-Dec-22 16:12:14 - ERROR - Error while reading webpage
21-Dec-22 16:12:16 - ERROR - Error while reading webpage
21-Dec-22 16:12:16 - ERROR - Error while reading webpage
21-Dec-22 16:12:16 - ERROR - Error while reading webpage
21-Dec-22 16:12:23 - ERROR - Error while reading webpage
21-Dec-22 16:12:25 - ERROR - Error while reading webpage
21-Dec-22 16:12:27 - ERROR - Error while reading webpage
21-Dec-22 16:12:28 - ERROR - Error while reading webpage
21-Dec-22 16:12:28 - ERROR - Error while reading webpage
21-Dec-22 16:12:28 - ERROR - Error while reading webpage
21-Dec-22 16:12:28 - ERROR - Error while reading webpage
21-Dec-22 16:12:29 - ERROR - Error while reading webpage
21-Dec-22 16:12:32 - ERROR - Error while reading webpage
21-Dec-22 16:12:32 - ERROR - Error while reading webpage
21-Dec-22 16:12:33 - ERROR - Error while reading webpage
21-Dec-22 16:12:33 - ERROR - Error while reading webpage
21-Dec-22 16:12:37 - ERROR - Error while reading webpage
21-Dec-22 16:12:37 - ERROR - Error while reading webpage
21-Dec-22 16:12:39 - ERROR - Error while reading webpage
21-Dec-22 16:12:39 - ERROR - Error while reading webpage
21-Dec-22 16:12:42 - ERROR - Error while reading webpage
21-Dec-22 16:12:42 - ERROR - Error while reading webpage
21-Dec-22 16:12:42 - ERROR - Error while reading webpage
21-Dec-22 16:12:45 - ERROR - Error while reading webpage
21-Dec-22 16:12:45 - ERROR - Error while reading webpage
21-Dec-22 16:12:45 - ERROR - Error while reading webpage
21-Dec-22 16:12:52 - ERROR - Error while reading webpage
21-Dec-22 16:12:53 - ERROR - Error while reading webpage
21-Dec-22 16:12:54 - ERROR - Error while reading webpage
21-Dec-22 16:12:55 - ERROR - Error while reading webpage
21-Dec-22 16:13:06 - ERROR - Error while reading webpage
21-Dec-22 16:13:06 - ERROR - Error while reading webpage
21-Dec-22 16:13:06 - ERROR - Error while reading webpage
21-Dec-22 16:13:09 - ERROR - Error while reading webpage
21-Dec-22 16:13:13 - ERROR - Error while reading webpage
21-Dec-22 16:13:14 - ERROR - Error while reading webpage
21-Dec-22 16:13:14 - ERROR - Error while reading webpage
21-Dec-22 16:13:14 - ERROR - Error while reading webpage
21-Dec-22 16:13:15 - ERROR - Error while reading webpage
21-Dec-22 16:13:15 - ERROR - Error while reading webpage
21-Dec-22 16:13:16 - ERROR - Error while reading webpage
21-Dec-22 16:13:18 - ERROR - Error while reading webpage
21-Dec-22 16:13:19 - ERROR - Error while reading webpage
21-Dec-22 16:13:19 - ERROR - Error while reading webpage
21-Dec-22 16:13:20 - ERROR - Error while reading webpage
21-Dec-22 16:13:20 - ERROR - Error while reading webpage
21-Dec-22 16:13:20 - ERROR - Error while reading webpage
21-Dec-22 16:13:23 - ERROR - Error while reading webpage
21-Dec-22 16:13:24 - ERROR - Error while reading webpage
21-Dec-22 16:13:24 - ERROR - Error while reading webpage
21-Dec-22 16:13:24 - ERROR - Error while reading webpage
21-Dec-22 16:13:25 - ERROR - Error while reading webpage
21-Dec-22 16:13:27 - ERROR - Error while reading webpage
21-Dec-22 16:13:27 - ERROR - Error while reading webpage
21-Dec-22 16:13:28 - ERROR - Error while reading webpage
21-Dec-22 16:13:28 - ERROR - Error while reading webpage
21-Dec-22 16:13:29 - ERROR - Error while reading webpage
21-Dec-22 16:13:29 - ERROR - Error while reading webpage
21-Dec-22 16:13:29 - ERROR - Error while reading webpage
21-Dec-22 16:13:52 - ERROR - Error while reading webpage
21-Dec-22 16:13:59 - ERROR - Error while reading webpage
21-Dec-22 16:14:03 - ERROR - Error while reading webpage
21-Dec-22 16:14:04 - ERROR - Error while reading webpage
21-Dec-22 16:14:06 - ERROR - Error while reading webpage
21-Dec-22 16:14:31 - ERROR - Error while reading webpage
21-Dec-22 16:14:31 - INFO - Number of pages read - 911
21-Dec-22 16:14:31 - INFO - Time taken to read all the pages - 352.2476987838745 secs
21-Dec-22 16:14:31 - INFO - Data written to the JSON file
21-Dec-22 16:14:31 - INFO - Data read from file.
