21-Dec-22 16:37:28 - INFO - Log - START
21-Dec-22 16:37:28 - INFO - People grouped.
21-Dec-22 16:37:28 - INFO - CameraLens.json > JSON read
21-Dec-22 16:37:28 - INFO - CameraLens.json > Keys made
21-Dec-22 16:37:28 - INFO - CameraLens.json > JSON written
21-Dec-22 16:37:28 - INFO - Laptop.json > JSON read
21-Dec-22 16:37:28 - INFO - Laptop.json > Keys made
21-Dec-22 16:37:28 - INFO - Laptop.json > JSON written
21-Dec-22 16:37:28 - INFO - LaptopPeriferals.json > JSON read
21-Dec-22 16:37:28 - INFO - LaptopPeriferals.json > Keys made
21-Dec-22 16:37:28 - INFO - LaptopPeriferals.json > JSON written
21-Dec-22 16:37:28 - INFO - Mobile.json > JSON read
21-Dec-22 16:37:28 - INFO - Mobile.json > Keys made
21-Dec-22 16:37:29 - INFO - Mobile.json > JSON written
21-Dec-22 16:37:29 - INFO - Person.json > JSON read
21-Dec-22 16:37:29 - INFO - Person.json > Keys made
21-Dec-22 16:37:29 - INFO - Person.json > JSON written
21-Dec-22 16:37:29 - INFO - Refrigerator.json > JSON read
21-Dec-22 16:37:29 - INFO - Refrigerator.json > Keys made
21-Dec-22 16:37:29 - INFO - Refrigerator.json > JSON written
21-Dec-22 16:37:29 - INFO - Tablet.json > JSON read
21-Dec-22 16:37:29 - INFO - Tablet.json > Keys made
21-Dec-22 16:37:29 - INFO - Tablet.json > JSON written
21-Dec-22 16:37:29 - INFO - TV.json > JSON read
21-Dec-22 16:37:29 - INFO - TV.json > Keys made
21-Dec-22 16:37:29 - INFO - TV.json > JSON written
21-Dec-22 16:37:29 - INFO - WashingMachine.json > JSON read
21-Dec-22 16:37:29 - INFO - WashingMachine.json > Keys made
21-Dec-22 16:37:29 - INFO - WashingMachine.json > JSON written
21-Dec-22 16:37:29 - INFO - WearableSmartDevice.json > JSON read
21-Dec-22 16:37:29 - INFO - WearableSmartDevice.json > Keys made
21-Dec-22 16:37:29 - INFO - WearableSmartDevice.json > JSON written
21-Dec-22 16:37:29 - INFO - Creating files completed!
21-Dec-22 16:37:29 - INFO - ID(s): ['3219', '1001']
21-Dec-22 16:37:29 - INFO - Items read successfully
21-Dec-22 16:37:29 - INFO - Items written to file successfully
21-Dec-22 16:37:59 - INFO - Links fetched
21-Dec-22 16:37:59 - INFO - Links dumped to file
21-Dec-22 16:37:59 - INFO - Links read from file.
21-Dec-22 16:38:08 - ERROR - Error while reading webpage
21-Dec-22 16:38:10 - ERROR - Error while reading webpage
21-Dec-22 16:38:10 - ERROR - Error while reading webpage
21-Dec-22 16:38:10 - ERROR - Error while reading webpage
21-Dec-22 16:38:10 - ERROR - Error while reading webpage
21-Dec-22 16:38:10 - ERROR - Error while reading webpage
21-Dec-22 16:38:10 - ERROR - Error while reading webpage
21-Dec-22 16:38:10 - ERROR - Error while reading webpage
21-Dec-22 16:38:10 - ERROR - Error while reading webpage
21-Dec-22 16:38:14 - ERROR - Error while reading webpage
21-Dec-22 16:38:15 - ERROR - Error while reading webpage
21-Dec-22 16:38:20 - ERROR - Error while reading webpage
21-Dec-22 16:38:20 - ERROR - Error while reading webpage
21-Dec-22 16:38:20 - ERROR - Error while reading webpage
21-Dec-22 16:38:20 - ERROR - Error while reading webpage
21-Dec-22 16:38:22 - ERROR - Error while reading webpage
21-Dec-22 16:38:23 - ERROR - Error while reading webpage
21-Dec-22 16:38:23 - ERROR - Error while reading webpage
21-Dec-22 16:38:24 - ERROR - Error while reading webpage
21-Dec-22 16:38:28 - ERROR - Error while reading webpage
21-Dec-22 16:38:31 - INFO - Number of pages read - 146
21-Dec-22 16:38:31 - INFO - Time taken to read all the pages - 31.438573122024536 secs
21-Dec-22 16:38:31 - INFO - Data written to the JSON file
21-Dec-22 16:38:31 - INFO - Data read from file.
