18-Dec-22 19:22:59 - INFO - Log - START
18-Dec-22 19:22:59 - INFO - People grouped.
18-Dec-22 19:22:59 - INFO - CameraLens.json > JSON read
18-Dec-22 19:22:59 - INFO - CameraLens.json > Keys made
18-Dec-22 19:22:59 - INFO - CameraLens.json > JSON written
18-Dec-22 19:22:59 - INFO - Laptop.json > JSON read
18-Dec-22 19:22:59 - INFO - Laptop.json > Keys made
18-Dec-22 19:22:59 - INFO - Laptop.json > JSON written
18-Dec-22 19:22:59 - INFO - LaptopPeriferals.json > JSON read
18-Dec-22 19:22:59 - INFO - LaptopPeriferals.json > Keys made
18-Dec-22 19:22:59 - INFO - LaptopPeriferals.json > JSON written
18-Dec-22 19:22:59 - INFO - Mobile.json > JSON read
18-Dec-22 19:22:59 - INFO - Mobile.json > Keys made
18-Dec-22 19:22:59 - INFO - Mobile.json > JSON written
18-Dec-22 19:22:59 - INFO - Person.json > JSON read
18-Dec-22 19:22:59 - INFO - Person.json > Keys made
18-Dec-22 19:22:59 - INFO - Person.json > JSON written
18-Dec-22 19:22:59 - INFO - Refrigerator.json > JSON read
18-Dec-22 19:22:59 - INFO - Refrigerator.json > Keys made
18-Dec-22 19:22:59 - INFO - Refrigerator.json > JSON written
18-Dec-22 19:22:59 - INFO - Tablet.json > JSON read
18-Dec-22 19:22:59 - INFO - Tablet.json > Keys made
18-Dec-22 19:22:59 - INFO - Tablet.json > JSON written
18-Dec-22 19:22:59 - INFO - TV.json > JSON read
18-Dec-22 19:23:00 - INFO - TV.json > Keys made
18-Dec-22 19:23:00 - INFO - TV.json > JSON written
18-Dec-22 19:23:00 - INFO - WashingMachine.json > JSON read
18-Dec-22 19:23:00 - INFO - WashingMachine.json > Keys made
18-Dec-22 19:23:00 - INFO - WashingMachine.json > JSON written
18-Dec-22 19:23:00 - INFO - WearableSmartDevice.json > JSON read
18-Dec-22 19:23:00 - INFO - WearableSmartDevice.json > Keys made
18-Dec-22 19:23:00 - INFO - WearableSmartDevice.json > JSON written
18-Dec-22 19:23:00 - INFO - Creating files completed!
18-Dec-22 19:23:00 - INFO - ID(s): ['1010', '3124']
18-Dec-22 19:23:00 - INFO - Items read successfully
18-Dec-22 19:23:00 - INFO - Items written to file successfully
18-Dec-22 19:24:19 - WARNING - For: 90nb0l91 m11350 AND microsd - ('Connection aborted.', ConnectionResetError(10054, 'An existing connection was forcibly closed by the remote host', None, 10054, None))
18-Dec-22 19:24:20 - CRITICAL - Too many requests! need to cool down
18-Dec-22 19:24:46 - WARNING - For: 2 AND canvas 2 - ('Connection aborted.', ConnectionResetError(10054, 'An existing connection was forcibly closed by the remote host', None, 10054, None))
18-Dec-22 19:24:46 - CRITICAL - Too many requests! need to cool down
18-Dec-22 19:24:56 - INFO - Links fetched
18-Dec-22 19:24:56 - INFO - Links dumped to file
18-Dec-22 19:24:56 - INFO - Log - END
